mode: atomic
github.com/Dharitri-org/sme-core/core/check/ifNil.go:8.46,9.20 1 3
github.com/Dharitri-org/sme-core/core/check/ifNil.go:12.2,12.33 1 2
github.com/Dharitri-org/sme-core/core/check/ifNil.go:9.20,11.3 1 1
github.com/Dharitri-org/sme-core/core/check/ifNil.go:16.39,17.42 1 3
github.com/Dharitri-org/sme-core/core/check/ifNil.go:23.2,23.13 1 1
github.com/Dharitri-org/sme-core/core/check/ifNil.go:17.42,18.43 1 2
github.com/Dharitri-org/sme-core/core/check/ifNil.go:21.3,21.15 1 1
github.com/Dharitri-org/sme-core/core/check/ifNil.go:18.43,20.4 1 1
github.com/Dharitri-org/sme-core/core/check/ifZero.go:10.47,12.36 2 5
github.com/Dharitri-org/sme-core/core/check/ifZero.go:25.2,25.12 1 1
github.com/Dharitri-org/sme-core/core/check/ifZero.go:12.36,16.33 2 11
github.com/Dharitri-org/sme-core/core/check/ifZero.go:19.3,19.24 1 10
github.com/Dharitri-org/sme-core/core/check/ifZero.go:16.33,17.12 1 1
github.com/Dharitri-org/sme-core/core/check/ifZero.go:19.24,22.4 2 4
github.com/Dharitri-org/sme-core/core/check/ifZero.go:29.57,31.2 1 12
github.com/Dharitri-org/sme-core/core/queue/hashQueue.go:12.48,18.2 1 4
github.com/Dharitri-org/sme-core/core/queue/hashQueue.go:21.47,22.18 1 11
github.com/Dharitri-org/sme-core/core/queue/hashQueue.go:26.2,29.36 3 10
github.com/Dharitri-org/sme-core/core/queue/hashQueue.go:37.2,39.12 2 9
github.com/Dharitri-org/sme-core/core/queue/hashQueue.go:22.18,24.3 1 1
github.com/Dharitri-org/sme-core/core/queue/hashQueue.go:29.36,35.3 4 1
github.com/Dharitri-org/sme-core/core/sliceUtil/sliceUtil.go:4.47,5.18 1 3
github.com/Dharitri-org/sme-core/core/sliceUtil/sliceUtil.go:8.2,10.12 3 2
github.com/Dharitri-org/sme-core/core/sliceUtil/sliceUtil.go:5.18,7.3 1 1
github.com/Dharitri-org/sme-core/data/rewardTx/rewardTx.go:13.44,15.2 1 0
github.com/Dharitri-org/sme-core/data/rewardTx/rewardTx.go:18.47,20.2 1 1
github.com/Dharitri-org/sme-core/data/rewardTx/rewardTx.go:23.38,25.2 1 1
github.com/Dharitri-org/sme-core/data/rewardTx/rewardTx.go:28.37,30.2 1 1
github.com/Dharitri-org/sme-core/data/rewardTx/rewardTx.go:33.40,35.2 1 1
github.com/Dharitri-org/sme-core/data/rewardTx/rewardTx.go:38.41,40.2 1 1
github.com/Dharitri-org/sme-core/data/rewardTx/rewardTx.go:43.41,45.2 1 1
github.com/Dharitri-org/sme-core/data/rewardTx/rewardTx.go:48.42,49.2 0 0
github.com/Dharitri-org/sme-core/data/rewardTx/rewardTx.go:52.46,54.2 1 1
github.com/Dharitri-org/sme-core/data/rewardTx/rewardTx.go:57.45,58.2 0 0
github.com/Dharitri-org/sme-core/data/rewardTx/rewardTx.go:61.44,63.2 1 0
github.com/Dharitri-org/sme-core/data/rewardTx/rewardTx.go:66.45,67.27 1 4
github.com/Dharitri-org/sme-core/data/rewardTx/rewardTx.go:70.2,70.22 1 3
github.com/Dharitri-org/sme-core/data/rewardTx/rewardTx.go:73.2,73.26 1 2
github.com/Dharitri-org/sme-core/data/rewardTx/rewardTx.go:77.2,77.12 1 1
github.com/Dharitri-org/sme-core/data/rewardTx/rewardTx.go:67.27,69.3 1 1
github.com/Dharitri-org/sme-core/data/rewardTx/rewardTx.go:70.22,72.3 1 1
github.com/Dharitri-org/sme-core/data/rewardTx/rewardTx.go:73.26,75.3 1 1
github.com/Dharitri-org/sme-core/data/rewardTx/rewardTx.pb.go:67.46,69.2 1 0
github.com/Dharitri-org/sme-core/data/rewardTx/rewardTx.pb.go:79.33,79.52 1 0
github.com/Dharitri-org/sme-core/data/rewardTx/rewardTx.pb.go:80.34,80.35 0 0
github.com/Dharitri-org/sme-core/data/rewardTx/rewardTx.pb.go:81.47,83.2 1 0
github.com/Dharitri-org/sme-core/data/rewardTx/rewardTx.pb.go:84.50,86.2 1 0
github.com/Dharitri-org/sme-core/data/rewardTx/rewardTx.pb.go:87.78,90.16 3 0
github.com/Dharitri-org/sme-core/data/rewardTx/rewardTx.pb.go:93.2,93.19 1 0
github.com/Dharitri-org/sme-core/data/rewardTx/rewardTx.pb.go:90.16,92.3 1 0
github.com/Dharitri-org/sme-core/data/rewardTx/rewardTx.pb.go:95.49,97.2 1 0
github.com/Dharitri-org/sme-core/data/rewardTx/rewardTx.pb.go:98.35,100.2 1 0
github.com/Dharitri-org/sme-core/data/rewardTx/rewardTx.pb.go:101.41,103.2 1 0
github.com/Dharitri-org/sme-core/data/rewardTx/rewardTx.pb.go:107.38,108.14 1 0
github.com/Dharitri-org/sme-core/data/rewardTx/rewardTx.pb.go:111.2,111.10 1 0
github.com/Dharitri-org/sme-core/data/rewardTx/rewardTx.pb.go:108.14,110.3 1 0
github.com/Dharitri-org/sme-core/data/rewardTx/rewardTx.pb.go:114.45,115.14 1 1
github.com/Dharitri-org/sme-core/data/rewardTx/rewardTx.pb.go:118.2,118.12 1 0
github.com/Dharitri-org/sme-core/data/rewardTx/rewardTx.pb.go:115.14,117.3 1 1
github.com/Dharitri-org/sme-core/data/rewardTx/rewardTx.pb.go:121.40,122.14 1 1
github.com/Dharitri-org/sme-core/data/rewardTx/rewardTx.pb.go:125.2,125.12 1 0
github.com/Dharitri-org/sme-core/data/rewardTx/rewardTx.pb.go:122.14,124.3 1 1
github.com/Dharitri-org/sme-core/data/rewardTx/rewardTx.pb.go:128.38,129.14 1 0
github.com/Dharitri-org/sme-core/data/rewardTx/rewardTx.pb.go:132.2,132.10 1 0
github.com/Dharitri-org/sme-core/data/rewardTx/rewardTx.pb.go:129.14,131.3 1 0
github.com/Dharitri-org/sme-core/data/rewardTx/rewardTx.pb.go:135.13,138.2 2 1
github.com/Dharitri-org/sme-core/data/rewardTx/rewardTx.pb.go:140.13,140.86 1 1
github.com/Dharitri-org/sme-core/data/rewardTx/rewardTx.pb.go:172.31,174.8 2 0
github.com/Dharitri-org/sme-core/data/rewardTx/rewardTx.pb.go:177.2,177.29 1 0
github.com/Dharitri-org/sme-core/data/rewardTx/rewardTx.pb.go:174.8,176.3 1 0
github.com/Dharitri-org/sme-core/data/rewardTx/rewardTx.pb.go:179.52,180.17 1 0
github.com/Dharitri-org/sme-core/data/rewardTx/rewardTx.pb.go:184.2,185.9 2 0
github.com/Dharitri-org/sme-core/data/rewardTx/rewardTx.pb.go:193.2,193.18 1 0
github.com/Dharitri-org/sme-core/data/rewardTx/rewardTx.pb.go:198.2,198.31 1 0
github.com/Dharitri-org/sme-core/data/rewardTx/rewardTx.pb.go:207.2,207.47 1 0
github.com/Dharitri-org/sme-core/data/rewardTx/rewardTx.pb.go:210.2,210.31 1 0
github.com/Dharitri-org/sme-core/data/rewardTx/rewardTx.pb.go:213.2,213.13 1 0
github.com/Dharitri-org/sme-core/data/rewardTx/rewardTx.pb.go:180.17,182.3 1 0
github.com/Dharitri-org/sme-core/data/rewardTx/rewardTx.pb.go:185.9,187.9 2 0
github.com/Dharitri-org/sme-core/data/rewardTx/rewardTx.pb.go:187.9,189.4 1 0
github.com/Dharitri-org/sme-core/data/rewardTx/rewardTx.pb.go:189.9,191.4 1 0
github.com/Dharitri-org/sme-core/data/rewardTx/rewardTx.pb.go:193.18,195.3 1 0
github.com/Dharitri-org/sme-core/data/rewardTx/rewardTx.pb.go:195.8,195.24 1 0
github.com/Dharitri-org/sme-core/data/rewardTx/rewardTx.pb.go:195.24,197.3 1 0
github.com/Dharitri-org/sme-core/data/rewardTx/rewardTx.pb.go:198.31,200.3 1 0
github.com/Dharitri-org/sme-core/data/rewardTx/rewardTx.pb.go:201.2,203.47 2 0
github.com/Dharitri-org/sme-core/data/rewardTx/rewardTx.pb.go:203.47,205.4 1 0
github.com/Dharitri-org/sme-core/data/rewardTx/rewardTx.pb.go:207.47,209.3 1 0
github.com/Dharitri-org/sme-core/data/rewardTx/rewardTx.pb.go:210.31,212.3 1 0
github.com/Dharitri-org/sme-core/data/rewardTx/rewardTx.pb.go:215.41,216.17 1 0
github.com/Dharitri-org/sme-core/data/rewardTx/rewardTx.pb.go:219.2,226.28 8 0
github.com/Dharitri-org/sme-core/data/rewardTx/rewardTx.pb.go:216.17,218.3 1 0
github.com/Dharitri-org/sme-core/data/rewardTx/rewardTx.pb.go:228.64,230.16 2 0
github.com/Dharitri-org/sme-core/data/rewardTx/rewardTx.pb.go:233.2,234.74 2 0
github.com/Dharitri-org/sme-core/data/rewardTx/rewardTx.pb.go:230.16,232.3 1 0
github.com/Dharitri-org/sme-core/data/rewardTx/rewardTx.pb.go:236.55,240.16 4 0
github.com/Dharitri-org/sme-core/data/rewardTx/rewardTx.pb.go:243.2,243.22 1 0
github.com/Dharitri-org/sme-core/data/rewardTx/rewardTx.pb.go:240.16,242.3 1 0
github.com/Dharitri-org/sme-core/data/rewardTx/rewardTx.pb.go:246.56,249.2 2 0
github.com/Dharitri-org/sme-core/data/rewardTx/rewardTx.pb.go:251.67,256.24 5 0
github.com/Dharitri-org/sme-core/data/rewardTx/rewardTx.pb.go:272.2,274.18 3 0
github.com/Dharitri-org/sme-core/data/rewardTx/rewardTx.pb.go:279.2,279.18 1 0
github.com/Dharitri-org/sme-core/data/rewardTx/rewardTx.pb.go:284.2,284.27 1 0
github.com/Dharitri-org/sme-core/data/rewardTx/rewardTx.pb.go:256.24,262.3 5 0
github.com/Dharitri-org/sme-core/data/rewardTx/rewardTx.pb.go:263.2,267.66 4 0
github.com/Dharitri-org/sme-core/data/rewardTx/rewardTx.pb.go:270.3,270.50 1 0
github.com/Dharitri-org/sme-core/data/rewardTx/rewardTx.pb.go:267.66,269.4 1 0
github.com/Dharitri-org/sme-core/data/rewardTx/rewardTx.pb.go:274.18,278.3 3 0
github.com/Dharitri-org/sme-core/data/rewardTx/rewardTx.pb.go:279.18,283.3 3 0
github.com/Dharitri-org/sme-core/data/rewardTx/rewardTx.pb.go:287.66,290.16 3 0
github.com/Dharitri-org/sme-core/data/rewardTx/rewardTx.pb.go:295.2,296.13 2 0
github.com/Dharitri-org/sme-core/data/rewardTx/rewardTx.pb.go:290.16,294.3 3 0
github.com/Dharitri-org/sme-core/data/rewardTx/rewardTx.pb.go:298.35,299.14 1 0
github.com/Dharitri-org/sme-core/data/rewardTx/rewardTx.pb.go:302.2,304.18 3 0
github.com/Dharitri-org/sme-core/data/rewardTx/rewardTx.pb.go:307.2,307.18 1 0
github.com/Dharitri-org/sme-core/data/rewardTx/rewardTx.pb.go:315.2,316.11 2 0
github.com/Dharitri-org/sme-core/data/rewardTx/rewardTx.pb.go:319.2,319.10 1 0
github.com/Dharitri-org/sme-core/data/rewardTx/rewardTx.pb.go:299.14,301.3 1 0
github.com/Dharitri-org/sme-core/data/rewardTx/rewardTx.pb.go:304.18,306.3 1 0
github.com/Dharitri-org/sme-core/data/rewardTx/rewardTx.pb.go:307.18,309.3 1 0
github.com/Dharitri-org/sme-core/data/rewardTx/rewardTx.pb.go:310.2,314.3 3 0
github.com/Dharitri-org/sme-core/data/rewardTx/rewardTx.pb.go:316.11,318.3 1 0
github.com/Dharitri-org/sme-core/data/rewardTx/rewardTx.pb.go:322.36,324.2 1 0
github.com/Dharitri-org/sme-core/data/rewardTx/rewardTx.pb.go:325.36,327.2 1 0
github.com/Dharitri-org/sme-core/data/rewardTx/rewardTx.pb.go:328.39,329.17 1 0
github.com/Dharitri-org/sme-core/data/rewardTx/rewardTx.pb.go:332.2,339.10 2 0
github.com/Dharitri-org/sme-core/data/rewardTx/rewardTx.pb.go:329.17,331.3 1 0
github.com/Dharitri-org/sme-core/data/rewardTx/rewardTx.pb.go:341.50,343.16 2 0
github.com/Dharitri-org/sme-core/data/rewardTx/rewardTx.pb.go:346.2,347.31 2 0
github.com/Dharitri-org/sme-core/data/rewardTx/rewardTx.pb.go:343.16,345.3 1 0
github.com/Dharitri-org/sme-core/data/rewardTx/rewardTx.pb.go:349.49,352.16 3 0
github.com/Dharitri-org/sme-core/data/rewardTx/rewardTx.pb.go:504.2,504.15 1 0
github.com/Dharitri-org/sme-core/data/rewardTx/rewardTx.pb.go:507.2,507.12 1 0
github.com/Dharitri-org/sme-core/data/rewardTx/rewardTx.pb.go:352.16,355.38 3 0
github.com/Dharitri-org/sme-core/data/rewardTx/rewardTx.pb.go:369.3,371.20 3 0
github.com/Dharitri-org/sme-core/data/rewardTx/rewardTx.pb.go:374.3,374.20 1 0
github.com/Dharitri-org/sme-core/data/rewardTx/rewardTx.pb.go:377.3,377.19 1 0
github.com/Dharitri-org/sme-core/data/rewardTx/rewardTx.pb.go:355.38,356.19 1 0
github.com/Dharitri-org/sme-core/data/rewardTx/rewardTx.pb.go:359.4,359.18 1 0
github.com/Dharitri-org/sme-core/data/rewardTx/rewardTx.pb.go:362.4,365.16 4 0
github.com/Dharitri-org/sme-core/data/rewardTx/rewardTx.pb.go:356.19,358.5 1 0
github.com/Dharitri-org/sme-core/data/rewardTx/rewardTx.pb.go:359.18,361.5 1 0
github.com/Dharitri-org/sme-core/data/rewardTx/rewardTx.pb.go:365.16,366.10 1 0
github.com/Dharitri-org/sme-core/data/rewardTx/rewardTx.pb.go:371.20,373.4 1 0
github.com/Dharitri-org/sme-core/data/rewardTx/rewardTx.pb.go:374.20,376.4 1 0
github.com/Dharitri-org/sme-core/data/rewardTx/rewardTx.pb.go:378.10,379.21 1 0
github.com/Dharitri-org/sme-core/data/rewardTx/rewardTx.pb.go:382.4,383.39 2 0
github.com/Dharitri-org/sme-core/data/rewardTx/rewardTx.pb.go:397.10,398.21 1 0
github.com/Dharitri-org/sme-core/data/rewardTx/rewardTx.pb.go:401.4,402.39 2 0
github.com/Dharitri-org/sme-core/data/rewardTx/rewardTx.pb.go:416.10,417.21 1 0
github.com/Dharitri-org/sme-core/data/rewardTx/rewardTx.pb.go:420.4,421.39 2 0
github.com/Dharitri-org/sme-core/data/rewardTx/rewardTx.pb.go:435.4,435.19 1 0
github.com/Dharitri-org/sme-core/data/rewardTx/rewardTx.pb.go:438.4,439.21 2 0
github.com/Dharitri-org/sme-core/data/rewardTx/rewardTx.pb.go:442.4,442.21 1 0
github.com/Dharitri-org/sme-core/data/rewardTx/rewardTx.pb.go:453.4,453.21 1 0
github.com/Dharitri-org/sme-core/data/rewardTx/rewardTx.pb.go:454.10,455.21 1 0
github.com/Dharitri-org/sme-core/data/rewardTx/rewardTx.pb.go:458.4,459.39 2 0
github.com/Dharitri-org/sme-core/data/rewardTx/rewardTx.pb.go:473.4,473.19 1 0
github.com/Dharitri-org/sme-core/data/rewardTx/rewardTx.pb.go:476.4,477.21 2 0
github.com/Dharitri-org/sme-core/data/rewardTx/rewardTx.pb.go:480.4,480.21 1 0
github.com/Dharitri-org/sme-core/data/rewardTx/rewardTx.pb.go:483.4,484.24 2 0
github.com/Dharitri-org/sme-core/data/rewardTx/rewardTx.pb.go:487.4,487.21 1 0
github.com/Dharitri-org/sme-core/data/rewardTx/rewardTx.pb.go:488.11,491.18 3 0
github.com/Dharitri-org/sme-core/data/rewardTx/rewardTx.pb.go:494.4,494.42 1 0
github.com/Dharitri-org/sme-core/data/rewardTx/rewardTx.pb.go:497.4,497.28 1 0
github.com/Dharitri-org/sme-core/data/rewardTx/rewardTx.pb.go:500.4,500.19 1 0
github.com/Dharitri-org/sme-core/data/rewardTx/rewardTx.pb.go:379.21,381.5 1 0
github.com/Dharitri-org/sme-core/data/rewardTx/rewardTx.pb.go:383.39,384.20 1 0
github.com/Dharitri-org/sme-core/data/rewardTx/rewardTx.pb.go:387.5,387.19 1 0
github.com/Dharitri-org/sme-core/data/rewardTx/rewardTx.pb.go:390.5,393.17 4 0
github.com/Dharitri-org/sme-core/data/rewardTx/rewardTx.pb.go:384.20,386.6 1 0
github.com/Dharitri-org/sme-core/data/rewardTx/rewardTx.pb.go:387.19,389.6 1 0
github.com/Dharitri-org/sme-core/data/rewardTx/rewardTx.pb.go:393.17,394.11 1 0
github.com/Dharitri-org/sme-core/data/rewardTx/rewardTx.pb.go:398.21,400.5 1 0
github.com/Dharitri-org/sme-core/data/rewardTx/rewardTx.pb.go:402.39,403.20 1 0
github.com/Dharitri-org/sme-core/data/rewardTx/rewardTx.pb.go:406.5,406.19 1 0
github.com/Dharitri-org/sme-core/data/rewardTx/rewardTx.pb.go:409.5,412.17 4 0
github.com/Dharitri-org/sme-core/data/rewardTx/rewardTx.pb.go:403.20,405.6 1 0
github.com/Dharitri-org/sme-core/data/rewardTx/rewardTx.pb.go:406.19,408.6 1 0
github.com/Dharitri-org/sme-core/data/rewardTx/rewardTx.pb.go:412.17,413.11 1 0
github.com/Dharitri-org/sme-core/data/rewardTx/rewardTx.pb.go:417.21,419.5 1 0
github.com/Dharitri-org/sme-core/data/rewardTx/rewardTx.pb.go:421.39,422.20 1 0
github.com/Dharitri-org/sme-core/data/rewardTx/rewardTx.pb.go:425.5,425.19 1 0
github.com/Dharitri-org/sme-core/data/rewardTx/rewardTx.pb.go:428.5,431.17 4 0
github.com/Dharitri-org/sme-core/data/rewardTx/rewardTx.pb.go:422.20,424.6 1 0
github.com/Dharitri-org/sme-core/data/rewardTx/rewardTx.pb.go:425.19,427.6 1 0
github.com/Dharitri-org/sme-core/data/rewardTx/rewardTx.pb.go:431.17,432.11 1 0
github.com/Dharitri-org/sme-core/data/rewardTx/rewardTx.pb.go:435.19,437.5 1 0
github.com/Dharitri-org/sme-core/data/rewardTx/rewardTx.pb.go:439.21,441.5 1 0
github.com/Dharitri-org/sme-core/data/rewardTx/rewardTx.pb.go:442.21,444.5 1 0
github.com/Dharitri-org/sme-core/data/rewardTx/rewardTx.pb.go:445.4,447.74 2 0
github.com/Dharitri-org/sme-core/data/rewardTx/rewardTx.pb.go:447.74,449.6 1 0
github.com/Dharitri-org/sme-core/data/rewardTx/rewardTx.pb.go:449.11,451.6 1 0
github.com/Dharitri-org/sme-core/data/rewardTx/rewardTx.pb.go:455.21,457.5 1 0
github.com/Dharitri-org/sme-core/data/rewardTx/rewardTx.pb.go:459.39,460.20 1 0
github.com/Dharitri-org/sme-core/data/rewardTx/rewardTx.pb.go:463.5,463.19 1 0
github.com/Dharitri-org/sme-core/data/rewardTx/rewardTx.pb.go:466.5,469.17 4 0
github.com/Dharitri-org/sme-core/data/rewardTx/rewardTx.pb.go:460.20,462.6 1 0
github.com/Dharitri-org/sme-core/data/rewardTx/rewardTx.pb.go:463.19,465.6 1 0
github.com/Dharitri-org/sme-core/data/rewardTx/rewardTx.pb.go:469.17,470.11 1 0
github.com/Dharitri-org/sme-core/data/rewardTx/rewardTx.pb.go:473.19,475.5 1 0
github.com/Dharitri-org/sme-core/data/rewardTx/rewardTx.pb.go:477.21,479.5 1 0
github.com/Dharitri-org/sme-core/data/rewardTx/rewardTx.pb.go:480.21,482.5 1 0
github.com/Dharitri-org/sme-core/data/rewardTx/rewardTx.pb.go:484.24,486.5 1 0
github.com/Dharitri-org/sme-core/data/rewardTx/rewardTx.pb.go:491.18,493.5 1 0
github.com/Dharitri-org/sme-core/data/rewardTx/rewardTx.pb.go:494.42,496.5 1 0
github.com/Dharitri-org/sme-core/data/rewardTx/rewardTx.pb.go:497.28,499.5 1 0
github.com/Dharitri-org/sme-core/data/rewardTx/rewardTx.pb.go:504.15,506.3 1 0
github.com/Dharitri-org/sme-core/data/rewardTx/rewardTx.pb.go:509.51,513.16 4 0
github.com/Dharitri-org/sme-core/data/rewardTx/rewardTx.pb.go:585.2,585.31 1 0
github.com/Dharitri-org/sme-core/data/rewardTx/rewardTx.pb.go:513.16,515.38 2 0
github.com/Dharitri-org/sme-core/data/rewardTx/rewardTx.pb.go:529.3,530.19 2 0
github.com/Dharitri-org/sme-core/data/rewardTx/rewardTx.pb.go:578.3,578.16 1 0
github.com/Dharitri-org/sme-core/data/rewardTx/rewardTx.pb.go:581.3,581.17 1 0
github.com/Dharitri-org/sme-core/data/rewardTx/rewardTx.pb.go:515.38,516.19 1 0
github.com/Dharitri-org/sme-core/data/rewardTx/rewardTx.pb.go:519.4,519.18 1 0
github.com/Dharitri-org/sme-core/data/rewardTx/rewardTx.pb.go:522.4,525.16 4 0
github.com/Dharitri-org/sme-core/data/rewardTx/rewardTx.pb.go:516.19,518.5 1 0
github.com/Dharitri-org/sme-core/data/rewardTx/rewardTx.pb.go:519.18,521.5 1 0
github.com/Dharitri-org/sme-core/data/rewardTx/rewardTx.pb.go:525.16,526.10 1 0
github.com/Dharitri-org/sme-core/data/rewardTx/rewardTx.pb.go:531.10,532.39 1 0
github.com/Dharitri-org/sme-core/data/rewardTx/rewardTx.pb.go:544.10,545.14 1 0
github.com/Dharitri-org/sme-core/data/rewardTx/rewardTx.pb.go:546.10,548.39 2 0
github.com/Dharitri-org/sme-core/data/rewardTx/rewardTx.pb.go:562.4,562.18 1 0
github.com/Dharitri-org/sme-core/data/rewardTx/rewardTx.pb.go:565.4,565.19 1 0
github.com/Dharitri-org/sme-core/data/rewardTx/rewardTx.pb.go:566.10,567.11 1 0
github.com/Dharitri-org/sme-core/data/rewardTx/rewardTx.pb.go:568.10,569.18 1 0
github.com/Dharitri-org/sme-core/data/rewardTx/rewardTx.pb.go:572.4,572.11 1 0
github.com/Dharitri-org/sme-core/data/rewardTx/rewardTx.pb.go:573.10,574.14 1 0
github.com/Dharitri-org/sme-core/data/rewardTx/rewardTx.pb.go:575.11,576.64 1 0
github.com/Dharitri-org/sme-core/data/rewardTx/rewardTx.pb.go:532.39,533.20 1 0
github.com/Dharitri-org/sme-core/data/rewardTx/rewardTx.pb.go:536.5,536.19 1 0
github.com/Dharitri-org/sme-core/data/rewardTx/rewardTx.pb.go:539.5,540.29 2 0
github.com/Dharitri-org/sme-core/data/rewardTx/rewardTx.pb.go:533.20,535.6 1 0
github.com/Dharitri-org/sme-core/data/rewardTx/rewardTx.pb.go:536.19,538.6 1 0
github.com/Dharitri-org/sme-core/data/rewardTx/rewardTx.pb.go:540.29,541.11 1 0
github.com/Dharitri-org/sme-core/data/rewardTx/rewardTx.pb.go:548.39,549.20 1 0
github.com/Dharitri-org/sme-core/data/rewardTx/rewardTx.pb.go:552.5,552.19 1 0
github.com/Dharitri-org/sme-core/data/rewardTx/rewardTx.pb.go:555.5,558.17 4 0
github.com/Dharitri-org/sme-core/data/rewardTx/rewardTx.pb.go:549.20,551.6 1 0
github.com/Dharitri-org/sme-core/data/rewardTx/rewardTx.pb.go:552.19,554.6 1 0
github.com/Dharitri-org/sme-core/data/rewardTx/rewardTx.pb.go:558.17,559.11 1 0
github.com/Dharitri-org/sme-core/data/rewardTx/rewardTx.pb.go:562.18,564.5 1 0
github.com/Dharitri-org/sme-core/data/rewardTx/rewardTx.pb.go:569.18,571.5 1 0
github.com/Dharitri-org/sme-core/data/rewardTx/rewardTx.pb.go:578.16,580.4 1 0
github.com/Dharitri-org/sme-core/data/rewardTx/rewardTx.pb.go:581.17,583.4 1 0
github.com/Dharitri-org/sme-core/data/receipt/receipt.go:13.43,15.2 1 0
github.com/Dharitri-org/sme-core/data/receipt/receipt.go:18.39,20.2 1 1
github.com/Dharitri-org/sme-core/data/receipt/receipt.go:23.41,25.2 1 1
github.com/Dharitri-org/sme-core/data/receipt/receipt.go:28.42,30.2 1 1
github.com/Dharitri-org/sme-core/data/receipt/receipt.go:33.42,35.2 1 1
github.com/Dharitri-org/sme-core/data/receipt/receipt.go:38.46,40.2 1 1
github.com/Dharitri-org/sme-core/data/receipt/receipt.go:43.42,45.2 1 1
github.com/Dharitri-org/sme-core/data/receipt/receipt.go:48.43,49.2 0 1
github.com/Dharitri-org/sme-core/data/receipt/receipt.go:52.45,54.2 1 1
github.com/Dharitri-org/sme-core/data/receipt/receipt.go:57.43,59.2 1 0
github.com/Dharitri-org/sme-core/data/receipt/receipt.go:62.44,64.2 1 1
github.com/Dharitri-org/sme-core/data/receipt/receipt.pb.go:39.32,39.50 1 0
github.com/Dharitri-org/sme-core/data/receipt/receipt.pb.go:40.33,40.34 0 0
github.com/Dharitri-org/sme-core/data/receipt/receipt.pb.go:41.46,43.2 1 0
github.com/Dharitri-org/sme-core/data/receipt/receipt.pb.go:44.49,46.2 1 0
github.com/Dharitri-org/sme-core/data/receipt/receipt.pb.go:47.77,50.16 3 0
github.com/Dharitri-org/sme-core/data/receipt/receipt.pb.go:53.2,53.19 1 0
github.com/Dharitri-org/sme-core/data/receipt/receipt.pb.go:50.16,52.3 1 0
github.com/Dharitri-org/sme-core/data/receipt/receipt.pb.go:55.48,57.2 1 0
github.com/Dharitri-org/sme-core/data/receipt/receipt.pb.go:58.34,60.2 1 0
github.com/Dharitri-org/sme-core/data/receipt/receipt.pb.go:61.40,63.2 1 0
github.com/Dharitri-org/sme-core/data/receipt/receipt.pb.go:67.44,68.14 1 1
github.com/Dharitri-org/sme-core/data/receipt/receipt.pb.go:71.2,71.12 1 0
github.com/Dharitri-org/sme-core/data/receipt/receipt.pb.go:68.14,70.3 1 1
github.com/Dharitri-org/sme-core/data/receipt/receipt.pb.go:74.39,75.14 1 1
github.com/Dharitri-org/sme-core/data/receipt/receipt.pb.go:78.2,78.12 1 0
github.com/Dharitri-org/sme-core/data/receipt/receipt.pb.go:75.14,77.3 1 1
github.com/Dharitri-org/sme-core/data/receipt/receipt.pb.go:81.36,82.14 1 1
github.com/Dharitri-org/sme-core/data/receipt/receipt.pb.go:85.2,85.12 1 0
github.com/Dharitri-org/sme-core/data/receipt/receipt.pb.go:82.14,84.3 1 1
github.com/Dharitri-org/sme-core/data/receipt/receipt.pb.go:88.38,89.14 1 0
github.com/Dharitri-org/sme-core/data/receipt/receipt.pb.go:92.2,92.12 1 0
github.com/Dharitri-org/sme-core/data/receipt/receipt.pb.go:89.14,91.3 1 0
github.com/Dharitri-org/sme-core/data/receipt/receipt.pb.go:95.13,97.2 1 1
github.com/Dharitri-org/sme-core/data/receipt/receipt.pb.go:99.13,99.85 1 1
github.com/Dharitri-org/sme-core/data/receipt/receipt.pb.go:125.51,126.17 1 0
github.com/Dharitri-org/sme-core/data/receipt/receipt.pb.go:130.2,131.9 2 0
github.com/Dharitri-org/sme-core/data/receipt/receipt.pb.go:139.2,139.18 1 0
github.com/Dharitri-org/sme-core/data/receipt/receipt.pb.go:150.2,150.47 1 0
github.com/Dharitri-org/sme-core/data/receipt/receipt.pb.go:153.2,153.41 1 0
github.com/Dharitri-org/sme-core/data/receipt/receipt.pb.go:156.2,156.45 1 0
github.com/Dharitri-org/sme-core/data/receipt/receipt.pb.go:159.2,159.13 1 0
github.com/Dharitri-org/sme-core/data/receipt/receipt.pb.go:126.17,128.3 1 0
github.com/Dharitri-org/sme-core/data/receipt/receipt.pb.go:131.9,133.9 2 0
github.com/Dharitri-org/sme-core/data/receipt/receipt.pb.go:133.9,135.4 1 0
github.com/Dharitri-org/sme-core/data/receipt/receipt.pb.go:135.9,137.4 1 0
github.com/Dharitri-org/sme-core/data/receipt/receipt.pb.go:139.18,141.3 1 0
github.com/Dharitri-org/sme-core/data/receipt/receipt.pb.go:141.8,141.24 1 0
github.com/Dharitri-org/sme-core/data/receipt/receipt.pb.go:141.24,143.3 1 0
github.com/Dharitri-org/sme-core/data/receipt/receipt.pb.go:144.2,146.47 2 0
github.com/Dharitri-org/sme-core/data/receipt/receipt.pb.go:146.47,148.4 1 0
github.com/Dharitri-org/sme-core/data/receipt/receipt.pb.go:150.47,152.3 1 0
github.com/Dharitri-org/sme-core/data/receipt/receipt.pb.go:153.41,155.3 1 0
github.com/Dharitri-org/sme-core/data/receipt/receipt.pb.go:156.45,158.3 1 0
github.com/Dharitri-org/sme-core/data/receipt/receipt.pb.go:161.40,162.17 1 0
github.com/Dharitri-org/sme-core/data/receipt/receipt.pb.go:165.2,172.28 8 0
github.com/Dharitri-org/sme-core/data/receipt/receipt.pb.go:162.17,164.3 1 0
github.com/Dharitri-org/sme-core/data/receipt/receipt.pb.go:174.63,176.16 2 0
github.com/Dharitri-org/sme-core/data/receipt/receipt.pb.go:179.2,180.74 2 0
github.com/Dharitri-org/sme-core/data/receipt/receipt.pb.go:176.16,178.3 1 0
github.com/Dharitri-org/sme-core/data/receipt/receipt.pb.go:182.54,186.16 4 0
github.com/Dharitri-org/sme-core/data/receipt/receipt.pb.go:189.2,189.22 1 0
github.com/Dharitri-org/sme-core/data/receipt/receipt.pb.go:186.16,188.3 1 0
github.com/Dharitri-org/sme-core/data/receipt/receipt.pb.go:192.55,195.2 2 0
github.com/Dharitri-org/sme-core/data/receipt/receipt.pb.go:197.66,202.23 5 0
github.com/Dharitri-org/sme-core/data/receipt/receipt.pb.go:209.2,209.21 1 0
github.com/Dharitri-org/sme-core/data/receipt/receipt.pb.go:216.2,216.24 1 0
github.com/Dharitri-org/sme-core/data/receipt/receipt.pb.go:232.2,234.27 3 0
github.com/Dharitri-org/sme-core/data/receipt/receipt.pb.go:202.23,208.3 5 0
github.com/Dharitri-org/sme-core/data/receipt/receipt.pb.go:209.21,215.3 5 0
github.com/Dharitri-org/sme-core/data/receipt/receipt.pb.go:216.24,222.3 5 0
github.com/Dharitri-org/sme-core/data/receipt/receipt.pb.go:223.2,227.66 4 0
github.com/Dharitri-org/sme-core/data/receipt/receipt.pb.go:230.3,230.49 1 0
github.com/Dharitri-org/sme-core/data/receipt/receipt.pb.go:227.66,229.4 1 0
github.com/Dharitri-org/sme-core/data/receipt/receipt.pb.go:237.65,240.16 3 0
github.com/Dharitri-org/sme-core/data/receipt/receipt.pb.go:245.2,246.13 2 0
github.com/Dharitri-org/sme-core/data/receipt/receipt.pb.go:240.16,244.3 3 0
github.com/Dharitri-org/sme-core/data/receipt/receipt.pb.go:248.34,249.14 1 0
github.com/Dharitri-org/sme-core/data/receipt/receipt.pb.go:252.2,254.2 3 0
github.com/Dharitri-org/sme-core/data/receipt/receipt.pb.go:259.2,260.11 2 0
github.com/Dharitri-org/sme-core/data/receipt/receipt.pb.go:263.2,264.11 2 0
github.com/Dharitri-org/sme-core/data/receipt/receipt.pb.go:267.2,268.11 2 0
github.com/Dharitri-org/sme-core/data/receipt/receipt.pb.go:271.2,271.10 1 0
github.com/Dharitri-org/sme-core/data/receipt/receipt.pb.go:249.14,251.3 1 0
github.com/Dharitri-org/sme-core/data/receipt/receipt.pb.go:254.2,258.3 3 0
github.com/Dharitri-org/sme-core/data/receipt/receipt.pb.go:260.11,262.3 1 0
github.com/Dharitri-org/sme-core/data/receipt/receipt.pb.go:264.11,266.3 1 0
github.com/Dharitri-org/sme-core/data/receipt/receipt.pb.go:268.11,270.3 1 0
github.com/Dharitri-org/sme-core/data/receipt/receipt.pb.go:274.35,276.2 1 0
github.com/Dharitri-org/sme-core/data/receipt/receipt.pb.go:277.35,279.2 1 0
github.com/Dharitri-org/sme-core/data/receipt/receipt.pb.go:280.38,281.17 1 0
github.com/Dharitri-org/sme-core/data/receipt/receipt.pb.go:284.2,291.10 2 0
github.com/Dharitri-org/sme-core/data/receipt/receipt.pb.go:281.17,283.3 1 0
github.com/Dharitri-org/sme-core/data/receipt/receipt.pb.go:293.49,295.16 2 0
github.com/Dharitri-org/sme-core/data/receipt/receipt.pb.go:298.2,299.31 2 0
github.com/Dharitri-org/sme-core/data/receipt/receipt.pb.go:295.16,297.3 1 0
github.com/Dharitri-org/sme-core/data/receipt/receipt.pb.go:301.48,304.16 3 0
github.com/Dharitri-org/sme-core/data/receipt/receipt.pb.go:486.2,486.15 1 0
github.com/Dharitri-org/sme-core/data/receipt/receipt.pb.go:489.2,489.12 1 0
github.com/Dharitri-org/sme-core/data/receipt/receipt.pb.go:304.16,307.38 3 0
github.com/Dharitri-org/sme-core/data/receipt/receipt.pb.go:321.3,323.20 3 0
github.com/Dharitri-org/sme-core/data/receipt/receipt.pb.go:326.3,326.20 1 0
github.com/Dharitri-org/sme-core/data/receipt/receipt.pb.go:329.3,329.19 1 0
github.com/Dharitri-org/sme-core/data/receipt/receipt.pb.go:307.38,308.19 1 0
github.com/Dharitri-org/sme-core/data/receipt/receipt.pb.go:311.4,311.18 1 0
github.com/Dharitri-org/sme-core/data/receipt/receipt.pb.go:314.4,317.16 4 0
github.com/Dharitri-org/sme-core/data/receipt/receipt.pb.go:308.19,310.5 1 0
github.com/Dharitri-org/sme-core/data/receipt/receipt.pb.go:311.18,313.5 1 0
github.com/Dharitri-org/sme-core/data/receipt/receipt.pb.go:317.16,318.10 1 0
github.com/Dharitri-org/sme-core/data/receipt/receipt.pb.go:323.20,325.4 1 0
github.com/Dharitri-org/sme-core/data/receipt/receipt.pb.go:326.20,328.4 1 0
github.com/Dharitri-org/sme-core/data/receipt/receipt.pb.go:330.10,331.21 1 0
github.com/Dharitri-org/sme-core/data/receipt/receipt.pb.go:334.4,335.39 2 0
github.com/Dharitri-org/sme-core/data/receipt/receipt.pb.go:349.4,349.19 1 0
github.com/Dharitri-org/sme-core/data/receipt/receipt.pb.go:352.4,353.21 2 0
github.com/Dharitri-org/sme-core/data/receipt/receipt.pb.go:356.4,356.21 1 0
github.com/Dharitri-org/sme-core/data/receipt/receipt.pb.go:367.4,367.21 1 0
github.com/Dharitri-org/sme-core/data/receipt/receipt.pb.go:368.10,369.21 1 0
github.com/Dharitri-org/sme-core/data/receipt/receipt.pb.go:372.4,373.39 2 0
github.com/Dharitri-org/sme-core/data/receipt/receipt.pb.go:387.4,387.19 1 0
github.com/Dharitri-org/sme-core/data/receipt/receipt.pb.go:390.4,391.21 2 0
github.com/Dharitri-org/sme-core/data/receipt/receipt.pb.go:394.4,394.21 1 0
github.com/Dharitri-org/sme-core/data/receipt/receipt.pb.go:397.4,398.24 2 0
github.com/Dharitri-org/sme-core/data/receipt/receipt.pb.go:401.4,401.21 1 0
github.com/Dharitri-org/sme-core/data/receipt/receipt.pb.go:402.10,403.21 1 0
github.com/Dharitri-org/sme-core/data/receipt/receipt.pb.go:406.4,407.39 2 0
github.com/Dharitri-org/sme-core/data/receipt/receipt.pb.go:421.4,421.19 1 0
github.com/Dharitri-org/sme-core/data/receipt/receipt.pb.go:424.4,425.21 2 0
github.com/Dharitri-org/sme-core/data/receipt/receipt.pb.go:428.4,428.21 1 0
github.com/Dharitri-org/sme-core/data/receipt/receipt.pb.go:431.4,432.21 2 0
github.com/Dharitri-org/sme-core/data/receipt/receipt.pb.go:435.4,435.21 1 0
github.com/Dharitri-org/sme-core/data/receipt/receipt.pb.go:436.10,437.21 1 0
github.com/Dharitri-org/sme-core/data/receipt/receipt.pb.go:440.4,441.39 2 0
github.com/Dharitri-org/sme-core/data/receipt/receipt.pb.go:455.4,455.19 1 0
github.com/Dharitri-org/sme-core/data/receipt/receipt.pb.go:458.4,459.21 2 0
github.com/Dharitri-org/sme-core/data/receipt/receipt.pb.go:462.4,462.21 1 0
github.com/Dharitri-org/sme-core/data/receipt/receipt.pb.go:465.4,466.23 2 0
github.com/Dharitri-org/sme-core/data/receipt/receipt.pb.go:469.4,469.21 1 0
github.com/Dharitri-org/sme-core/data/receipt/receipt.pb.go:470.11,473.18 3 0
github.com/Dharitri-org/sme-core/data/receipt/receipt.pb.go:476.4,476.42 1 0
github.com/Dharitri-org/sme-core/data/receipt/receipt.pb.go:479.4,479.28 1 0
github.com/Dharitri-org/sme-core/data/receipt/receipt.pb.go:482.4,482.19 1 0
github.com/Dharitri-org/sme-core/data/receipt/receipt.pb.go:331.21,333.5 1 0
github.com/Dharitri-org/sme-core/data/receipt/receipt.pb.go:335.39,336.20 1 0
github.com/Dharitri-org/sme-core/data/receipt/receipt.pb.go:339.5,339.19 1 0
github.com/Dharitri-org/sme-core/data/receipt/receipt.pb.go:342.5,345.17 4 0
github.com/Dharitri-org/sme-core/data/receipt/receipt.pb.go:336.20,338.6 1 0
github.com/Dharitri-org/sme-core/data/receipt/receipt.pb.go:339.19,341.6 1 0
github.com/Dharitri-org/sme-core/data/receipt/receipt.pb.go:345.17,346.11 1 0
github.com/Dharitri-org/sme-core/data/receipt/receipt.pb.go:349.19,351.5 1 0
github.com/Dharitri-org/sme-core/data/receipt/receipt.pb.go:353.21,355.5 1 0
github.com/Dharitri-org/sme-core/data/receipt/receipt.pb.go:356.21,358.5 1 0
github.com/Dharitri-org/sme-core/data/receipt/receipt.pb.go:359.4,361.74 2 0
github.com/Dharitri-org/sme-core/data/receipt/receipt.pb.go:361.74,363.6 1 0
github.com/Dharitri-org/sme-core/data/receipt/receipt.pb.go:363.11,365.6 1 0
github.com/Dharitri-org/sme-core/data/receipt/receipt.pb.go:369.21,371.5 1 0
github.com/Dharitri-org/sme-core/data/receipt/receipt.pb.go:373.39,374.20 1 0
github.com/Dharitri-org/sme-core/data/receipt/receipt.pb.go:377.5,377.19 1 0
github.com/Dharitri-org/sme-core/data/receipt/receipt.pb.go:380.5,383.17 4 0
github.com/Dharitri-org/sme-core/data/receipt/receipt.pb.go:374.20,376.6 1 0
github.com/Dharitri-org/sme-core/data/receipt/receipt.pb.go:377.19,379.6 1 0
github.com/Dharitri-org/sme-core/data/receipt/receipt.pb.go:383.17,384.11 1 0
github.com/Dharitri-org/sme-core/data/receipt/receipt.pb.go:387.19,389.5 1 0
github.com/Dharitri-org/sme-core/data/receipt/receipt.pb.go:391.21,393.5 1 0
github.com/Dharitri-org/sme-core/data/receipt/receipt.pb.go:394.21,396.5 1 0
github.com/Dharitri-org/sme-core/data/receipt/receipt.pb.go:398.24,400.5 1 0
github.com/Dharitri-org/sme-core/data/receipt/receipt.pb.go:403.21,405.5 1 0
github.com/Dharitri-org/sme-core/data/receipt/receipt.pb.go:407.39,408.20 1 0
github.com/Dharitri-org/sme-core/data/receipt/receipt.pb.go:411.5,411.19 1 0
github.com/Dharitri-org/sme-core/data/receipt/receipt.pb.go:414.5,417.17 4 0
github.com/Dharitri-org/sme-core/data/receipt/receipt.pb.go:408.20,410.6 1 0
github.com/Dharitri-org/sme-core/data/receipt/receipt.pb.go:411.19,413.6 1 0
github.com/Dharitri-org/sme-core/data/receipt/receipt.pb.go:417.17,418.11 1 0
github.com/Dharitri-org/sme-core/data/receipt/receipt.pb.go:421.19,423.5 1 0
github.com/Dharitri-org/sme-core/data/receipt/receipt.pb.go:425.21,427.5 1 0
github.com/Dharitri-org/sme-core/data/receipt/receipt.pb.go:428.21,430.5 1 0
github.com/Dharitri-org/sme-core/data/receipt/receipt.pb.go:432.21,434.5 1 0
github.com/Dharitri-org/sme-core/data/receipt/receipt.pb.go:437.21,439.5 1 0
github.com/Dharitri-org/sme-core/data/receipt/receipt.pb.go:441.39,442.20 1 0
github.com/Dharitri-org/sme-core/data/receipt/receipt.pb.go:445.5,445.19 1 0
github.com/Dharitri-org/sme-core/data/receipt/receipt.pb.go:448.5,451.17 4 0
github.com/Dharitri-org/sme-core/data/receipt/receipt.pb.go:442.20,444.6 1 0
github.com/Dharitri-org/sme-core/data/receipt/receipt.pb.go:445.19,447.6 1 0
github.com/Dharitri-org/sme-core/data/receipt/receipt.pb.go:451.17,452.11 1 0
github.com/Dharitri-org/sme-core/data/receipt/receipt.pb.go:455.19,457.5 1 0
github.com/Dharitri-org/sme-core/data/receipt/receipt.pb.go:459.21,461.5 1 0
github.com/Dharitri-org/sme-core/data/receipt/receipt.pb.go:462.21,464.5 1 0
github.com/Dharitri-org/sme-core/data/receipt/receipt.pb.go:466.23,468.5 1 0
github.com/Dharitri-org/sme-core/data/receipt/receipt.pb.go:473.18,475.5 1 0
github.com/Dharitri-org/sme-core/data/receipt/receipt.pb.go:476.42,478.5 1 0
github.com/Dharitri-org/sme-core/data/receipt/receipt.pb.go:479.28,481.5 1 0
github.com/Dharitri-org/sme-core/data/receipt/receipt.pb.go:486.15,488.3 1 0
github.com/Dharitri-org/sme-core/data/receipt/receipt.pb.go:491.50,495.16 4 0
github.com/Dharitri-org/sme-core/data/receipt/receipt.pb.go:567.2,567.31 1 0
github.com/Dharitri-org/sme-core/data/receipt/receipt.pb.go:495.16,497.38 2 0
github.com/Dharitri-org/sme-core/data/receipt/receipt.pb.go:511.3,512.19 2 0
github.com/Dharitri-org/sme-core/data/receipt/receipt.pb.go:560.3,560.16 1 0
github.com/Dharitri-org/sme-core/data/receipt/receipt.pb.go:563.3,563.17 1 0
github.com/Dharitri-org/sme-core/data/receipt/receipt.pb.go:497.38,498.19 1 0
github.com/Dharitri-org/sme-core/data/receipt/receipt.pb.go:501.4,501.18 1 0
github.com/Dharitri-org/sme-core/data/receipt/receipt.pb.go:504.4,507.16 4 0
github.com/Dharitri-org/sme-core/data/receipt/receipt.pb.go:498.19,500.5 1 0
github.com/Dharitri-org/sme-core/data/receipt/receipt.pb.go:501.18,503.5 1 0
github.com/Dharitri-org/sme-core/data/receipt/receipt.pb.go:507.16,508.10 1 0
github.com/Dharitri-org/sme-core/data/receipt/receipt.pb.go:513.10,514.39 1 0
github.com/Dharitri-org/sme-core/data/receipt/receipt.pb.go:526.10,527.14 1 0
github.com/Dharitri-org/sme-core/data/receipt/receipt.pb.go:528.10,530.39 2 0
github.com/Dharitri-org/sme-core/data/receipt/receipt.pb.go:544.4,544.18 1 0
github.com/Dharitri-org/sme-core/data/receipt/receipt.pb.go:547.4,547.19 1 0
github.com/Dharitri-org/sme-core/data/receipt/receipt.pb.go:548.10,549.11 1 0
github.com/Dharitri-org/sme-core/data/receipt/receipt.pb.go:550.10,551.18 1 0
github.com/Dharitri-org/sme-core/data/receipt/receipt.pb.go:554.4,554.11 1 0
github.com/Dharitri-org/sme-core/data/receipt/receipt.pb.go:555.10,556.14 1 0
github.com/Dharitri-org/sme-core/data/receipt/receipt.pb.go:557.11,558.64 1 0
github.com/Dharitri-org/sme-core/data/receipt/receipt.pb.go:514.39,515.20 1 0
github.com/Dharitri-org/sme-core/data/receipt/receipt.pb.go:518.5,518.19 1 0
github.com/Dharitri-org/sme-core/data/receipt/receipt.pb.go:521.5,522.29 2 0
github.com/Dharitri-org/sme-core/data/receipt/receipt.pb.go:515.20,517.6 1 0
github.com/Dharitri-org/sme-core/data/receipt/receipt.pb.go:518.19,520.6 1 0
github.com/Dharitri-org/sme-core/data/receipt/receipt.pb.go:522.29,523.11 1 0
github.com/Dharitri-org/sme-core/data/receipt/receipt.pb.go:530.39,531.20 1 0
github.com/Dharitri-org/sme-core/data/receipt/receipt.pb.go:534.5,534.19 1 0
github.com/Dharitri-org/sme-core/data/receipt/receipt.pb.go:537.5,540.17 4 0
github.com/Dharitri-org/sme-core/data/receipt/receipt.pb.go:531.20,533.6 1 0
github.com/Dharitri-org/sme-core/data/receipt/receipt.pb.go:534.19,536.6 1 0
github.com/Dharitri-org/sme-core/data/receipt/receipt.pb.go:540.17,541.11 1 0
github.com/Dharitri-org/sme-core/data/receipt/receipt.pb.go:544.18,546.5 1 0
github.com/Dharitri-org/sme-core/data/receipt/receipt.pb.go:551.18,553.5 1 0
github.com/Dharitri-org/sme-core/data/receipt/receipt.pb.go:560.16,562.4 1 0
github.com/Dharitri-org/sme-core/data/receipt/receipt.pb.go:563.17,565.4 1 0
github.com/Dharitri-org/sme-core/display/placeholders.go:12.74,13.24 1 3
github.com/Dharitri-org/sme-core/display/placeholders.go:16.2,16.39 1 3
github.com/Dharitri-org/sme-core/display/placeholders.go:19.2,21.85 3 2
github.com/Dharitri-org/sme-core/display/placeholders.go:13.24,15.3 1 1
github.com/Dharitri-org/sme-core/display/placeholders.go:16.39,18.3 1 1
github.com/Dharitri-org/sme-core/display/tablePrinter.go:15.71,20.2 1 513
github.com/Dharitri-org/sme-core/display/tablePrinter.go:24.75,27.16 2 14
github.com/Dharitri-org/sme-core/display/tablePrinter.go:31.2,41.33 7 8
github.com/Dharitri-org/sme-core/display/tablePrinter.go:50.2,50.20 1 8
github.com/Dharitri-org/sme-core/display/tablePrinter.go:54.2,54.30 1 8
github.com/Dharitri-org/sme-core/display/tablePrinter.go:27.16,29.3 1 6
github.com/Dharitri-org/sme-core/display/tablePrinter.go:41.33,45.34 3 510
github.com/Dharitri-org/sme-core/display/tablePrinter.go:45.34,47.4 1 36
github.com/Dharitri-org/sme-core/display/tablePrinter.go:50.20,52.3 1 6
github.com/Dharitri-org/sme-core/display/tablePrinter.go:57.61,58.19 1 14
github.com/Dharitri-org/sme-core/display/tablePrinter.go:62.2,62.17 1 13
github.com/Dharitri-org/sme-core/display/tablePrinter.go:66.2,66.40 1 12
github.com/Dharitri-org/sme-core/display/tablePrinter.go:70.2,72.26 2 11
github.com/Dharitri-org/sme-core/display/tablePrinter.go:86.2,86.23 1 9
github.com/Dharitri-org/sme-core/display/tablePrinter.go:90.2,90.12 1 8
github.com/Dharitri-org/sme-core/display/tablePrinter.go:58.19,60.3 1 1
github.com/Dharitri-org/sme-core/display/tablePrinter.go:62.17,64.3 1 1
github.com/Dharitri-org/sme-core/display/tablePrinter.go:66.40,68.3 1 1
github.com/Dharitri-org/sme-core/display/tablePrinter.go:72.26,73.16 1 513
github.com/Dharitri-org/sme-core/display/tablePrinter.go:77.3,77.23 1 512
github.com/Dharitri-org/sme-core/display/tablePrinter.go:81.3,81.36 1 511
github.com/Dharitri-org/sme-core/display/tablePrinter.go:73.16,75.4 1 1
github.com/Dharitri-org/sme-core/display/tablePrinter.go:77.23,79.4 1 1
github.com/Dharitri-org/sme-core/display/tablePrinter.go:81.36,83.4 1 1
github.com/Dharitri-org/sme-core/display/tablePrinter.go:86.23,88.3 1 1
github.com/Dharitri-org/sme-core/display/tablePrinter.go:93.68,96.35 2 8
github.com/Dharitri-org/sme-core/display/tablePrinter.go:100.2,100.33 1 8
github.com/Dharitri-org/sme-core/display/tablePrinter.go:116.2,116.15 1 8
github.com/Dharitri-org/sme-core/display/tablePrinter.go:96.35,98.3 1 23
github.com/Dharitri-org/sme-core/display/tablePrinter.go:100.33,103.41 2 510
github.com/Dharitri-org/sme-core/display/tablePrinter.go:103.41,104.24 1 6016
github.com/Dharitri-org/sme-core/display/tablePrinter.go:109.4,110.25 2 6015
github.com/Dharitri-org/sme-core/display/tablePrinter.go:104.24,106.13 2 1
github.com/Dharitri-org/sme-core/display/tablePrinter.go:110.25,112.5 1 16
github.com/Dharitri-org/sme-core/display/tablePrinter.go:119.72,121.42 2 58
github.com/Dharitri-org/sme-core/display/tablePrinter.go:128.2,128.42 1 58
github.com/Dharitri-org/sme-core/display/tablePrinter.go:121.42,122.43 1 480
github.com/Dharitri-org/sme-core/display/tablePrinter.go:125.3,125.29 1 480
github.com/Dharitri-org/sme-core/display/tablePrinter.go:122.43,124.4 1 8424
github.com/Dharitri-org/sme-core/display/tablePrinter.go:131.80,134.42 2 518
github.com/Dharitri-org/sme-core/display/tablePrinter.go:151.2,151.42 1 518
github.com/Dharitri-org/sme-core/display/tablePrinter.go:134.42,139.23 3 6042
github.com/Dharitri-org/sme-core/display/tablePrinter.go:144.3,144.46 1 6042
github.com/Dharitri-org/sme-core/display/tablePrinter.go:148.3,148.41 1 6042
github.com/Dharitri-org/sme-core/display/tablePrinter.go:139.23,142.4 2 6039
github.com/Dharitri-org/sme-core/display/tablePrinter.go:144.46,146.4 1 24001
github.com/Dharitri-org/sme-core/data/smartContractResult/smartContractResult.go:13.55,15.2 1 0
github.com/Dharitri-org/sme-core/data/smartContractResult/smartContractResult.go:18.58,20.2 1 1
github.com/Dharitri-org/sme-core/data/smartContractResult/smartContractResult.go:23.54,25.2 1 1
github.com/Dharitri-org/sme-core/data/smartContractResult/smartContractResult.go:28.57,30.2 1 1
github.com/Dharitri-org/sme-core/data/smartContractResult/smartContractResult.go:33.57,35.2 1 1
github.com/Dharitri-org/sme-core/data/smartContractResult/smartContractResult.go:38.55,40.2 1 0
github.com/Dharitri-org/sme-core/data/smartContractResult/smartContractResult.go:43.69,44.18 1 1
github.com/Dharitri-org/sme-core/data/smartContractResult/smartContractResult.go:47.2,49.12 3 1
github.com/Dharitri-org/sme-core/data/smartContractResult/smartContractResult.go:44.18,46.3 1 0
github.com/Dharitri-org/sme-core/data/smartContractResult/smartContractResult.go:53.56,54.27 1 6
github.com/Dharitri-org/sme-core/data/smartContractResult/smartContractResult.go:57.2,57.27 1 5
github.com/Dharitri-org/sme-core/data/smartContractResult/smartContractResult.go:60.2,60.22 1 4
github.com/Dharitri-org/sme-core/data/smartContractResult/smartContractResult.go:63.2,63.26 1 3
github.com/Dharitri-org/sme-core/data/smartContractResult/smartContractResult.go:66.2,66.30 1 2
github.com/Dharitri-org/sme-core/data/smartContractResult/smartContractResult.go:70.2,70.12 1 1
github.com/Dharitri-org/sme-core/data/smartContractResult/smartContractResult.go:54.27,56.3 1 1
github.com/Dharitri-org/sme-core/data/smartContractResult/smartContractResult.go:57.27,59.3 1 1
github.com/Dharitri-org/sme-core/data/smartContractResult/smartContractResult.go:60.22,62.3 1 1
github.com/Dharitri-org/sme-core/data/smartContractResult/smartContractResult.go:63.26,65.3 1 1
github.com/Dharitri-org/sme-core/data/smartContractResult/smartContractResult.go:66.30,68.3 1 1
github.com/Dharitri-org/sme-core/data/smartContractResult/smartContractResult.pb.go:51.44,51.74 1 0
github.com/Dharitri-org/sme-core/data/smartContractResult/smartContractResult.pb.go:52.45,52.46 0 0
github.com/Dharitri-org/sme-core/data/smartContractResult/smartContractResult.pb.go:53.58,55.2 1 0
github.com/Dharitri-org/sme-core/data/smartContractResult/smartContractResult.pb.go:56.61,58.2 1 0
github.com/Dharitri-org/sme-core/data/smartContractResult/smartContractResult.pb.go:59.89,62.16 3 0
github.com/Dharitri-org/sme-core/data/smartContractResult/smartContractResult.pb.go:65.2,65.19 1 0
github.com/Dharitri-org/sme-core/data/smartContractResult/smartContractResult.pb.go:62.16,64.3 1 0
github.com/Dharitri-org/sme-core/data/smartContractResult/smartContractResult.pb.go:67.60,69.2 1 0
github.com/Dharitri-org/sme-core/data/smartContractResult/smartContractResult.pb.go:70.46,72.2 1 0
github.com/Dharitri-org/sme-core/data/smartContractResult/smartContractResult.pb.go:73.52,75.2 1 0
github.com/Dharitri-org/sme-core/data/smartContractResult/smartContractResult.pb.go:79.49,80.14 1 1
github.com/Dharitri-org/sme-core/data/smartContractResult/smartContractResult.pb.go:83.2,83.10 1 0
github.com/Dharitri-org/sme-core/data/smartContractResult/smartContractResult.pb.go:80.14,82.3 1 1
github.com/Dharitri-org/sme-core/data/smartContractResult/smartContractResult.pb.go:86.56,87.14 1 1
github.com/Dharitri-org/sme-core/data/smartContractResult/smartContractResult.pb.go:90.2,90.12 1 0
github.com/Dharitri-org/sme-core/data/smartContractResult/smartContractResult.pb.go:87.14,89.3 1 1
github.com/Dharitri-org/sme-core/data/smartContractResult/smartContractResult.pb.go:93.51,94.14 1 1
github.com/Dharitri-org/sme-core/data/smartContractResult/smartContractResult.pb.go:97.2,97.12 1 0
github.com/Dharitri-org/sme-core/data/smartContractResult/smartContractResult.pb.go:94.14,96.3 1 1
github.com/Dharitri-org/sme-core/data/smartContractResult/smartContractResult.pb.go:100.51,101.14 1 1
github.com/Dharitri-org/sme-core/data/smartContractResult/smartContractResult.pb.go:104.2,104.12 1 0
github.com/Dharitri-org/sme-core/data/smartContractResult/smartContractResult.pb.go:101.14,103.3 1 1
github.com/Dharitri-org/sme-core/data/smartContractResult/smartContractResult.pb.go:107.55,108.14 1 0
github.com/Dharitri-org/sme-core/data/smartContractResult/smartContractResult.pb.go:111.2,111.12 1 0
github.com/Dharitri-org/sme-core/data/smartContractResult/smartContractResult.pb.go:108.14,110.3 1 0
github.com/Dharitri-org/sme-core/data/smartContractResult/smartContractResult.pb.go:114.63,115.14 1 0
github.com/Dharitri-org/sme-core/data/smartContractResult/smartContractResult.pb.go:118.2,118.12 1 0
github.com/Dharitri-org/sme-core/data/smartContractResult/smartContractResult.pb.go:115.14,117.3 1 0
github.com/Dharitri-org/sme-core/data/smartContractResult/smartContractResult.pb.go:121.48,122.14 1 0
github.com/Dharitri-org/sme-core/data/smartContractResult/smartContractResult.pb.go:125.2,125.12 1 0
github.com/Dharitri-org/sme-core/data/smartContractResult/smartContractResult.pb.go:122.14,124.3 1 0
github.com/Dharitri-org/sme-core/data/smartContractResult/smartContractResult.pb.go:128.48,129.14 1 1
github.com/Dharitri-org/sme-core/data/smartContractResult/smartContractResult.pb.go:132.2,132.12 1 0
github.com/Dharitri-org/sme-core/data/smartContractResult/smartContractResult.pb.go:129.14,131.3 1 1
github.com/Dharitri-org/sme-core/data/smartContractResult/smartContractResult.pb.go:135.54,136.14 1 0
github.com/Dharitri-org/sme-core/data/smartContractResult/smartContractResult.pb.go:139.2,139.12 1 0
github.com/Dharitri-org/sme-core/data/smartContractResult/smartContractResult.pb.go:136.14,138.3 1 0
github.com/Dharitri-org/sme-core/data/smartContractResult/smartContractResult.pb.go:142.58,143.14 1 0
github.com/Dharitri-org/sme-core/data/smartContractResult/smartContractResult.pb.go:146.2,146.12 1 0
github.com/Dharitri-org/sme-core/data/smartContractResult/smartContractResult.pb.go:143.14,145.3 1 0
github.com/Dharitri-org/sme-core/data/smartContractResult/smartContractResult.pb.go:149.52,150.14 1 1
github.com/Dharitri-org/sme-core/data/smartContractResult/smartContractResult.pb.go:153.2,153.10 1 0
github.com/Dharitri-org/sme-core/data/smartContractResult/smartContractResult.pb.go:150.14,152.3 1 1
github.com/Dharitri-org/sme-core/data/smartContractResult/smartContractResult.pb.go:156.52,157.14 1 1
github.com/Dharitri-org/sme-core/data/smartContractResult/smartContractResult.pb.go:160.2,160.10 1 0
github.com/Dharitri-org/sme-core/data/smartContractResult/smartContractResult.pb.go:157.14,159.3 1 1
github.com/Dharitri-org/sme-core/data/smartContractResult/smartContractResult.pb.go:163.95,164.14 1 0
github.com/Dharitri-org/sme-core/data/smartContractResult/smartContractResult.pb.go:167.2,167.10 1 0
github.com/Dharitri-org/sme-core/data/smartContractResult/smartContractResult.pb.go:164.14,166.3 1 0
github.com/Dharitri-org/sme-core/data/smartContractResult/smartContractResult.pb.go:170.56,171.14 1 0
github.com/Dharitri-org/sme-core/data/smartContractResult/smartContractResult.pb.go:174.2,174.12 1 0
github.com/Dharitri-org/sme-core/data/smartContractResult/smartContractResult.pb.go:171.14,173.3 1 0
github.com/Dharitri-org/sme-core/data/smartContractResult/smartContractResult.pb.go:177.57,178.14 1 0
github.com/Dharitri-org/sme-core/data/smartContractResult/smartContractResult.pb.go:181.2,181.12 1 0
github.com/Dharitri-org/sme-core/data/smartContractResult/smartContractResult.pb.go:178.14,180.3 1 0
github.com/Dharitri-org/sme-core/data/smartContractResult/smartContractResult.pb.go:184.58,185.14 1 0
github.com/Dharitri-org/sme-core/data/smartContractResult/smartContractResult.pb.go:188.2,188.12 1 0
github.com/Dharitri-org/sme-core/data/smartContractResult/smartContractResult.pb.go:185.14,187.3 1 0
github.com/Dharitri-org/sme-core/data/smartContractResult/smartContractResult.pb.go:191.13,193.2 1 1
github.com/Dharitri-org/sme-core/data/smartContractResult/smartContractResult.pb.go:195.13,195.97 1 1
github.com/Dharitri-org/sme-core/data/smartContractResult/smartContractResult.pb.go:239.63,240.17 1 0
github.com/Dharitri-org/sme-core/data/smartContractResult/smartContractResult.pb.go:244.2,245.9 2 0
github.com/Dharitri-org/sme-core/data/smartContractResult/smartContractResult.pb.go:253.2,253.18 1 0
github.com/Dharitri-org/sme-core/data/smartContractResult/smartContractResult.pb.go:258.2,258.31 1 0
github.com/Dharitri-org/sme-core/data/smartContractResult/smartContractResult.pb.go:267.2,267.47 1 0
github.com/Dharitri-org/sme-core/data/smartContractResult/smartContractResult.pb.go:270.2,270.47 1 0
github.com/Dharitri-org/sme-core/data/smartContractResult/smartContractResult.pb.go:273.2,273.55 1 0
github.com/Dharitri-org/sme-core/data/smartContractResult/smartContractResult.pb.go:282.2,282.41 1 0
github.com/Dharitri-org/sme-core/data/smartContractResult/smartContractResult.pb.go:285.2,285.41 1 0
github.com/Dharitri-org/sme-core/data/smartContractResult/smartContractResult.pb.go:288.2,288.53 1 0
github.com/Dharitri-org/sme-core/data/smartContractResult/smartContractResult.pb.go:291.2,291.61 1 0
github.com/Dharitri-org/sme-core/data/smartContractResult/smartContractResult.pb.go:294.2,294.37 1 0
github.com/Dharitri-org/sme-core/data/smartContractResult/smartContractResult.pb.go:297.2,297.37 1 0
github.com/Dharitri-org/sme-core/data/smartContractResult/smartContractResult.pb.go:300.2,300.37 1 0
github.com/Dharitri-org/sme-core/data/smartContractResult/smartContractResult.pb.go:303.2,303.57 1 0
github.com/Dharitri-org/sme-core/data/smartContractResult/smartContractResult.pb.go:306.2,306.59 1 0
github.com/Dharitri-org/sme-core/data/smartContractResult/smartContractResult.pb.go:309.2,309.61 1 0
github.com/Dharitri-org/sme-core/data/smartContractResult/smartContractResult.pb.go:312.2,312.13 1 0
github.com/Dharitri-org/sme-core/data/smartContractResult/smartContractResult.pb.go:240.17,242.3 1 0
github.com/Dharitri-org/sme-core/data/smartContractResult/smartContractResult.pb.go:245.9,247.9 2 0
github.com/Dharitri-org/sme-core/data/smartContractResult/smartContractResult.pb.go:247.9,249.4 1 0
github.com/Dharitri-org/sme-core/data/smartContractResult/smartContractResult.pb.go:249.9,251.4 1 0
github.com/Dharitri-org/sme-core/data/smartContractResult/smartContractResult.pb.go:253.18,255.3 1 0
github.com/Dharitri-org/sme-core/data/smartContractResult/smartContractResult.pb.go:255.8,255.24 1 0
github.com/Dharitri-org/sme-core/data/smartContractResult/smartContractResult.pb.go:255.24,257.3 1 0
github.com/Dharitri-org/sme-core/data/smartContractResult/smartContractResult.pb.go:258.31,260.3 1 0
github.com/Dharitri-org/sme-core/data/smartContractResult/smartContractResult.pb.go:261.2,263.47 2 0
github.com/Dharitri-org/sme-core/data/smartContractResult/smartContractResult.pb.go:263.47,265.4 1 0
github.com/Dharitri-org/sme-core/data/smartContractResult/smartContractResult.pb.go:267.47,269.3 1 0
github.com/Dharitri-org/sme-core/data/smartContractResult/smartContractResult.pb.go:270.47,272.3 1 0
github.com/Dharitri-org/sme-core/data/smartContractResult/smartContractResult.pb.go:273.55,275.3 1 0
github.com/Dharitri-org/sme-core/data/smartContractResult/smartContractResult.pb.go:276.2,278.61 2 0
github.com/Dharitri-org/sme-core/data/smartContractResult/smartContractResult.pb.go:278.61,280.4 1 0
github.com/Dharitri-org/sme-core/data/smartContractResult/smartContractResult.pb.go:282.41,284.3 1 0
github.com/Dharitri-org/sme-core/data/smartContractResult/smartContractResult.pb.go:285.41,287.3 1 0
github.com/Dharitri-org/sme-core/data/smartContractResult/smartContractResult.pb.go:288.53,290.3 1 0
github.com/Dharitri-org/sme-core/data/smartContractResult/smartContractResult.pb.go:291.61,293.3 1 0
github.com/Dharitri-org/sme-core/data/smartContractResult/smartContractResult.pb.go:294.37,296.3 1 0
github.com/Dharitri-org/sme-core/data/smartContractResult/smartContractResult.pb.go:297.37,299.3 1 0
github.com/Dharitri-org/sme-core/data/smartContractResult/smartContractResult.pb.go:300.37,302.3 1 0
github.com/Dharitri-org/sme-core/data/smartContractResult/smartContractResult.pb.go:303.57,305.3 1 0
github.com/Dharitri-org/sme-core/data/smartContractResult/smartContractResult.pb.go:306.59,308.3 1 0
github.com/Dharitri-org/sme-core/data/smartContractResult/smartContractResult.pb.go:309.61,311.3 1 0
github.com/Dharitri-org/sme-core/data/smartContractResult/smartContractResult.pb.go:314.52,315.17 1 0
github.com/Dharitri-org/sme-core/data/smartContractResult/smartContractResult.pb.go:318.2,337.28 20 0
github.com/Dharitri-org/sme-core/data/smartContractResult/smartContractResult.pb.go:315.17,317.3 1 0
github.com/Dharitri-org/sme-core/data/smartContractResult/smartContractResult.pb.go:339.75,341.16 2 0
github.com/Dharitri-org/sme-core/data/smartContractResult/smartContractResult.pb.go:344.2,345.74 2 0
github.com/Dharitri-org/sme-core/data/smartContractResult/smartContractResult.pb.go:341.16,343.3 1 0
github.com/Dharitri-org/sme-core/data/smartContractResult/smartContractResult.pb.go:347.66,351.16 4 0
github.com/Dharitri-org/sme-core/data/smartContractResult/smartContractResult.pb.go:354.2,354.22 1 0
github.com/Dharitri-org/sme-core/data/smartContractResult/smartContractResult.pb.go:351.16,353.3 1 0
github.com/Dharitri-org/sme-core/data/smartContractResult/smartContractResult.pb.go:357.67,360.2 2 0
github.com/Dharitri-org/sme-core/data/smartContractResult/smartContractResult.pb.go:362.78,367.31 5 0
github.com/Dharitri-org/sme-core/data/smartContractResult/smartContractResult.pb.go:376.2,376.30 1 0
github.com/Dharitri-org/sme-core/data/smartContractResult/smartContractResult.pb.go:383.2,383.29 1 0
github.com/Dharitri-org/sme-core/data/smartContractResult/smartContractResult.pb.go:390.2,390.21 1 0
github.com/Dharitri-org/sme-core/data/smartContractResult/smartContractResult.pb.go:395.2,395.21 1 0
github.com/Dharitri-org/sme-core/data/smartContractResult/smartContractResult.pb.go:400.2,400.21 1 0
github.com/Dharitri-org/sme-core/data/smartContractResult/smartContractResult.pb.go:405.2,405.31 1 0
github.com/Dharitri-org/sme-core/data/smartContractResult/smartContractResult.pb.go:412.2,412.27 1 0
github.com/Dharitri-org/sme-core/data/smartContractResult/smartContractResult.pb.go:419.2,419.21 1 0
github.com/Dharitri-org/sme-core/data/smartContractResult/smartContractResult.pb.go:426.2,426.21 1 0
github.com/Dharitri-org/sme-core/data/smartContractResult/smartContractResult.pb.go:442.2,444.28 3 0
github.com/Dharitri-org/sme-core/data/smartContractResult/smartContractResult.pb.go:451.2,451.24 1 0
github.com/Dharitri-org/sme-core/data/smartContractResult/smartContractResult.pb.go:458.2,458.24 1 0
github.com/Dharitri-org/sme-core/data/smartContractResult/smartContractResult.pb.go:474.2,476.18 3 0
github.com/Dharitri-org/sme-core/data/smartContractResult/smartContractResult.pb.go:481.2,481.27 1 0
github.com/Dharitri-org/sme-core/data/smartContractResult/smartContractResult.pb.go:367.31,375.3 7 0
github.com/Dharitri-org/sme-core/data/smartContractResult/smartContractResult.pb.go:376.30,382.3 5 0
github.com/Dharitri-org/sme-core/data/smartContractResult/smartContractResult.pb.go:383.29,389.3 5 0
github.com/Dharitri-org/sme-core/data/smartContractResult/smartContractResult.pb.go:390.21,394.3 3 0
github.com/Dharitri-org/sme-core/data/smartContractResult/smartContractResult.pb.go:395.21,399.3 3 0
github.com/Dharitri-org/sme-core/data/smartContractResult/smartContractResult.pb.go:400.21,404.3 3 0
github.com/Dharitri-org/sme-core/data/smartContractResult/smartContractResult.pb.go:405.31,411.3 5 0
github.com/Dharitri-org/sme-core/data/smartContractResult/smartContractResult.pb.go:412.27,418.3 5 0
github.com/Dharitri-org/sme-core/data/smartContractResult/smartContractResult.pb.go:419.21,425.3 5 0
github.com/Dharitri-org/sme-core/data/smartContractResult/smartContractResult.pb.go:426.21,432.3 5 0
github.com/Dharitri-org/sme-core/data/smartContractResult/smartContractResult.pb.go:433.2,437.73 4 0
github.com/Dharitri-org/sme-core/data/smartContractResult/smartContractResult.pb.go:440.3,440.61 1 0
github.com/Dharitri-org/sme-core/data/smartContractResult/smartContractResult.pb.go:437.73,439.4 1 0
github.com/Dharitri-org/sme-core/data/smartContractResult/smartContractResult.pb.go:444.28,450.3 5 0
github.com/Dharitri-org/sme-core/data/smartContractResult/smartContractResult.pb.go:451.24,457.3 5 0
github.com/Dharitri-org/sme-core/data/smartContractResult/smartContractResult.pb.go:458.24,464.3 5 0
github.com/Dharitri-org/sme-core/data/smartContractResult/smartContractResult.pb.go:465.2,469.66 4 0
github.com/Dharitri-org/sme-core/data/smartContractResult/smartContractResult.pb.go:472.3,472.61 1 0
github.com/Dharitri-org/sme-core/data/smartContractResult/smartContractResult.pb.go:469.66,471.4 1 0
github.com/Dharitri-org/sme-core/data/smartContractResult/smartContractResult.pb.go:476.18,480.3 3 0
github.com/Dharitri-org/sme-core/data/smartContractResult/smartContractResult.pb.go:484.77,487.16 3 0
github.com/Dharitri-org/sme-core/data/smartContractResult/smartContractResult.pb.go:492.2,493.13 2 0
github.com/Dharitri-org/sme-core/data/smartContractResult/smartContractResult.pb.go:487.16,491.3 3 0
github.com/Dharitri-org/sme-core/data/smartContractResult/smartContractResult.pb.go:495.46,496.14 1 0
github.com/Dharitri-org/sme-core/data/smartContractResult/smartContractResult.pb.go:499.2,501.18 3 0
github.com/Dharitri-org/sme-core/data/smartContractResult/smartContractResult.pb.go:509.2,510.11 2 0
github.com/Dharitri-org/sme-core/data/smartContractResult/smartContractResult.pb.go:513.2,514.11 2 0
github.com/Dharitri-org/sme-core/data/smartContractResult/smartContractResult.pb.go:517.2,518.11 2 0
github.com/Dharitri-org/sme-core/data/smartContractResult/smartContractResult.pb.go:526.2,527.11 2 0
github.com/Dharitri-org/sme-core/data/smartContractResult/smartContractResult.pb.go:530.2,531.11 2 0
github.com/Dharitri-org/sme-core/data/smartContractResult/smartContractResult.pb.go:534.2,535.11 2 0
github.com/Dharitri-org/sme-core/data/smartContractResult/smartContractResult.pb.go:538.2,539.11 2 0
github.com/Dharitri-org/sme-core/data/smartContractResult/smartContractResult.pb.go:542.2,542.21 1 0
github.com/Dharitri-org/sme-core/data/smartContractResult/smartContractResult.pb.go:545.2,545.21 1 0
github.com/Dharitri-org/sme-core/data/smartContractResult/smartContractResult.pb.go:548.2,548.21 1 0
github.com/Dharitri-org/sme-core/data/smartContractResult/smartContractResult.pb.go:551.2,552.11 2 0
github.com/Dharitri-org/sme-core/data/smartContractResult/smartContractResult.pb.go:555.2,556.11 2 0
github.com/Dharitri-org/sme-core/data/smartContractResult/smartContractResult.pb.go:559.2,560.11 2 0
github.com/Dharitri-org/sme-core/data/smartContractResult/smartContractResult.pb.go:563.2,563.10 1 0
github.com/Dharitri-org/sme-core/data/smartContractResult/smartContractResult.pb.go:496.14,498.3 1 0
github.com/Dharitri-org/sme-core/data/smartContractResult/smartContractResult.pb.go:501.18,503.3 1 0
github.com/Dharitri-org/sme-core/data/smartContractResult/smartContractResult.pb.go:504.2,508.3 3 0
github.com/Dharitri-org/sme-core/data/smartContractResult/smartContractResult.pb.go:510.11,512.3 1 0
github.com/Dharitri-org/sme-core/data/smartContractResult/smartContractResult.pb.go:514.11,516.3 1 0
github.com/Dharitri-org/sme-core/data/smartContractResult/smartContractResult.pb.go:518.11,520.3 1 0
github.com/Dharitri-org/sme-core/data/smartContractResult/smartContractResult.pb.go:521.2,525.3 3 0
github.com/Dharitri-org/sme-core/data/smartContractResult/smartContractResult.pb.go:527.11,529.3 1 0
github.com/Dharitri-org/sme-core/data/smartContractResult/smartContractResult.pb.go:531.11,533.3 1 0
github.com/Dharitri-org/sme-core/data/smartContractResult/smartContractResult.pb.go:535.11,537.3 1 0
github.com/Dharitri-org/sme-core/data/smartContractResult/smartContractResult.pb.go:539.11,541.3 1 0
github.com/Dharitri-org/sme-core/data/smartContractResult/smartContractResult.pb.go:542.21,544.3 1 0
github.com/Dharitri-org/sme-core/data/smartContractResult/smartContractResult.pb.go:545.21,547.3 1 0
github.com/Dharitri-org/sme-core/data/smartContractResult/smartContractResult.pb.go:548.21,550.3 1 0
github.com/Dharitri-org/sme-core/data/smartContractResult/smartContractResult.pb.go:552.11,554.3 1 0
github.com/Dharitri-org/sme-core/data/smartContractResult/smartContractResult.pb.go:556.11,558.3 1 0
github.com/Dharitri-org/sme-core/data/smartContractResult/smartContractResult.pb.go:560.11,562.3 1 0
github.com/Dharitri-org/sme-core/data/smartContractResult/smartContractResult.pb.go:566.47,568.2 1 0
github.com/Dharitri-org/sme-core/data/smartContractResult/smartContractResult.pb.go:569.47,571.2 1 0
github.com/Dharitri-org/sme-core/data/smartContractResult/smartContractResult.pb.go:572.50,573.17 1 0
github.com/Dharitri-org/sme-core/data/smartContractResult/smartContractResult.pb.go:576.2,595.10 2 0
github.com/Dharitri-org/sme-core/data/smartContractResult/smartContractResult.pb.go:573.17,575.3 1 0
github.com/Dharitri-org/sme-core/data/smartContractResult/smartContractResult.pb.go:597.61,599.16 2 0
github.com/Dharitri-org/sme-core/data/smartContractResult/smartContractResult.pb.go:602.2,603.31 2 0
github.com/Dharitri-org/sme-core/data/smartContractResult/smartContractResult.pb.go:599.16,601.3 1 0
github.com/Dharitri-org/sme-core/data/smartContractResult/smartContractResult.pb.go:605.60,608.16 3 0
github.com/Dharitri-org/sme-core/data/smartContractResult/smartContractResult.pb.go:1142.2,1142.15 1 0
github.com/Dharitri-org/sme-core/data/smartContractResult/smartContractResult.pb.go:1145.2,1145.12 1 0
github.com/Dharitri-org/sme-core/data/smartContractResult/smartContractResult.pb.go:608.16,611.38 3 0
github.com/Dharitri-org/sme-core/data/smartContractResult/smartContractResult.pb.go:625.3,627.20 3 0
github.com/Dharitri-org/sme-core/data/smartContractResult/smartContractResult.pb.go:630.3,630.20 1 0
github.com/Dharitri-org/sme-core/data/smartContractResult/smartContractResult.pb.go:633.3,633.19 1 0
github.com/Dharitri-org/sme-core/data/smartContractResult/smartContractResult.pb.go:611.38,612.19 1 0
github.com/Dharitri-org/sme-core/data/smartContractResult/smartContractResult.pb.go:615.4,615.18 1 0
github.com/Dharitri-org/sme-core/data/smartContractResult/smartContractResult.pb.go:618.4,621.16 4 0
github.com/Dharitri-org/sme-core/data/smartContractResult/smartContractResult.pb.go:612.19,614.5 1 0
github.com/Dharitri-org/sme-core/data/smartContractResult/smartContractResult.pb.go:615.18,617.5 1 0
github.com/Dharitri-org/sme-core/data/smartContractResult/smartContractResult.pb.go:621.16,622.10 1 0
github.com/Dharitri-org/sme-core/data/smartContractResult/smartContractResult.pb.go:627.20,629.4 1 0
github.com/Dharitri-org/sme-core/data/smartContractResult/smartContractResult.pb.go:630.20,632.4 1 0
github.com/Dharitri-org/sme-core/data/smartContractResult/smartContractResult.pb.go:634.10,635.21 1 0
github.com/Dharitri-org/sme-core/data/smartContractResult/smartContractResult.pb.go:638.4,639.39 2 0
github.com/Dharitri-org/sme-core/data/smartContractResult/smartContractResult.pb.go:653.10,654.21 1 0
github.com/Dharitri-org/sme-core/data/smartContractResult/smartContractResult.pb.go:657.4,658.39 2 0
github.com/Dharitri-org/sme-core/data/smartContractResult/smartContractResult.pb.go:672.4,672.19 1 0
github.com/Dharitri-org/sme-core/data/smartContractResult/smartContractResult.pb.go:675.4,676.21 2 0
github.com/Dharitri-org/sme-core/data/smartContractResult/smartContractResult.pb.go:679.4,679.21 1 0
github.com/Dharitri-org/sme-core/data/smartContractResult/smartContractResult.pb.go:690.4,690.21 1 0
github.com/Dharitri-org/sme-core/data/smartContractResult/smartContractResult.pb.go:691.10,692.21 1 0
github.com/Dharitri-org/sme-core/data/smartContractResult/smartContractResult.pb.go:695.4,696.39 2 0
github.com/Dharitri-org/sme-core/data/smartContractResult/smartContractResult.pb.go:710.4,710.19 1 0
github.com/Dharitri-org/sme-core/data/smartContractResult/smartContractResult.pb.go:713.4,714.21 2 0
github.com/Dharitri-org/sme-core/data/smartContractResult/smartContractResult.pb.go:717.4,717.21 1 0
github.com/Dharitri-org/sme-core/data/smartContractResult/smartContractResult.pb.go:720.4,721.24 2 0
github.com/Dharitri-org/sme-core/data/smartContractResult/smartContractResult.pb.go:724.4,724.21 1 0
github.com/Dharitri-org/sme-core/data/smartContractResult/smartContractResult.pb.go:725.10,726.21 1 0
github.com/Dharitri-org/sme-core/data/smartContractResult/smartContractResult.pb.go:729.4,730.39 2 0
github.com/Dharitri-org/sme-core/data/smartContractResult/smartContractResult.pb.go:744.4,744.19 1 0
github.com/Dharitri-org/sme-core/data/smartContractResult/smartContractResult.pb.go:747.4,748.21 2 0
github.com/Dharitri-org/sme-core/data/smartContractResult/smartContractResult.pb.go:751.4,751.21 1 0
github.com/Dharitri-org/sme-core/data/smartContractResult/smartContractResult.pb.go:754.4,755.24 2 0
github.com/Dharitri-org/sme-core/data/smartContractResult/smartContractResult.pb.go:758.4,758.21 1 0
github.com/Dharitri-org/sme-core/data/smartContractResult/smartContractResult.pb.go:759.10,760.21 1 0
github.com/Dharitri-org/sme-core/data/smartContractResult/smartContractResult.pb.go:763.4,764.39 2 0
github.com/Dharitri-org/sme-core/data/smartContractResult/smartContractResult.pb.go:778.4,778.19 1 0
github.com/Dharitri-org/sme-core/data/smartContractResult/smartContractResult.pb.go:781.4,782.21 2 0
github.com/Dharitri-org/sme-core/data/smartContractResult/smartContractResult.pb.go:785.4,785.21 1 0
github.com/Dharitri-org/sme-core/data/smartContractResult/smartContractResult.pb.go:788.4,789.28 2 0
github.com/Dharitri-org/sme-core/data/smartContractResult/smartContractResult.pb.go:792.4,792.21 1 0
github.com/Dharitri-org/sme-core/data/smartContractResult/smartContractResult.pb.go:793.10,794.21 1 0
github.com/Dharitri-org/sme-core/data/smartContractResult/smartContractResult.pb.go:797.4,798.39 2 0
github.com/Dharitri-org/sme-core/data/smartContractResult/smartContractResult.pb.go:812.4,812.19 1 0
github.com/Dharitri-org/sme-core/data/smartContractResult/smartContractResult.pb.go:815.4,816.21 2 0
github.com/Dharitri-org/sme-core/data/smartContractResult/smartContractResult.pb.go:819.4,819.21 1 0
github.com/Dharitri-org/sme-core/data/smartContractResult/smartContractResult.pb.go:830.4,830.21 1 0
github.com/Dharitri-org/sme-core/data/smartContractResult/smartContractResult.pb.go:831.10,832.21 1 0
github.com/Dharitri-org/sme-core/data/smartContractResult/smartContractResult.pb.go:835.4,836.39 2 0
github.com/Dharitri-org/sme-core/data/smartContractResult/smartContractResult.pb.go:850.4,850.19 1 0
github.com/Dharitri-org/sme-core/data/smartContractResult/smartContractResult.pb.go:853.4,854.21 2 0
github.com/Dharitri-org/sme-core/data/smartContractResult/smartContractResult.pb.go:857.4,857.21 1 0
github.com/Dharitri-org/sme-core/data/smartContractResult/smartContractResult.pb.go:860.4,861.21 2 0
github.com/Dharitri-org/sme-core/data/smartContractResult/smartContractResult.pb.go:864.4,864.21 1 0
github.com/Dharitri-org/sme-core/data/smartContractResult/smartContractResult.pb.go:865.10,866.21 1 0
github.com/Dharitri-org/sme-core/data/smartContractResult/smartContractResult.pb.go:869.4,870.39 2 0
github.com/Dharitri-org/sme-core/data/smartContractResult/smartContractResult.pb.go:884.4,884.19 1 0
github.com/Dharitri-org/sme-core/data/smartContractResult/smartContractResult.pb.go:887.4,888.21 2 0
github.com/Dharitri-org/sme-core/data/smartContractResult/smartContractResult.pb.go:891.4,891.21 1 0
github.com/Dharitri-org/sme-core/data/smartContractResult/smartContractResult.pb.go:894.4,895.21 2 0
github.com/Dharitri-org/sme-core/data/smartContractResult/smartContractResult.pb.go:898.4,898.21 1 0
github.com/Dharitri-org/sme-core/data/smartContractResult/smartContractResult.pb.go:899.10,900.21 1 0
github.com/Dharitri-org/sme-core/data/smartContractResult/smartContractResult.pb.go:903.4,904.39 2 0
github.com/Dharitri-org/sme-core/data/smartContractResult/smartContractResult.pb.go:918.4,918.19 1 0
github.com/Dharitri-org/sme-core/data/smartContractResult/smartContractResult.pb.go:921.4,922.21 2 0
github.com/Dharitri-org/sme-core/data/smartContractResult/smartContractResult.pb.go:925.4,925.21 1 0
github.com/Dharitri-org/sme-core/data/smartContractResult/smartContractResult.pb.go:928.4,929.27 2 0
github.com/Dharitri-org/sme-core/data/smartContractResult/smartContractResult.pb.go:932.4,932.21 1 0
github.com/Dharitri-org/sme-core/data/smartContractResult/smartContractResult.pb.go:933.11,934.21 1 0
github.com/Dharitri-org/sme-core/data/smartContractResult/smartContractResult.pb.go:937.4,938.39 2 0
github.com/Dharitri-org/sme-core/data/smartContractResult/smartContractResult.pb.go:952.4,952.19 1 0
github.com/Dharitri-org/sme-core/data/smartContractResult/smartContractResult.pb.go:955.4,956.21 2 0
github.com/Dharitri-org/sme-core/data/smartContractResult/smartContractResult.pb.go:959.4,959.21 1 0
github.com/Dharitri-org/sme-core/data/smartContractResult/smartContractResult.pb.go:962.4,963.31 2 0
github.com/Dharitri-org/sme-core/data/smartContractResult/smartContractResult.pb.go:966.4,966.21 1 0
github.com/Dharitri-org/sme-core/data/smartContractResult/smartContractResult.pb.go:967.11,968.21 1 0
github.com/Dharitri-org/sme-core/data/smartContractResult/smartContractResult.pb.go:971.4,972.39 2 0
github.com/Dharitri-org/sme-core/data/smartContractResult/smartContractResult.pb.go:986.11,987.21 1 0
github.com/Dharitri-org/sme-core/data/smartContractResult/smartContractResult.pb.go:990.4,991.39 2 0
github.com/Dharitri-org/sme-core/data/smartContractResult/smartContractResult.pb.go:1005.11,1006.21 1 0
github.com/Dharitri-org/sme-core/data/smartContractResult/smartContractResult.pb.go:1009.4,1010.39 2 0
github.com/Dharitri-org/sme-core/data/smartContractResult/smartContractResult.pb.go:1024.11,1025.21 1 0
github.com/Dharitri-org/sme-core/data/smartContractResult/smartContractResult.pb.go:1028.4,1029.39 2 0
github.com/Dharitri-org/sme-core/data/smartContractResult/smartContractResult.pb.go:1043.4,1043.19 1 0
github.com/Dharitri-org/sme-core/data/smartContractResult/smartContractResult.pb.go:1046.4,1047.21 2 0
github.com/Dharitri-org/sme-core/data/smartContractResult/smartContractResult.pb.go:1050.4,1050.21 1 0
github.com/Dharitri-org/sme-core/data/smartContractResult/smartContractResult.pb.go:1053.4,1054.29 2 0
github.com/Dharitri-org/sme-core/data/smartContractResult/smartContractResult.pb.go:1057.4,1057.21 1 0
github.com/Dharitri-org/sme-core/data/smartContractResult/smartContractResult.pb.go:1058.11,1059.21 1 0
github.com/Dharitri-org/sme-core/data/smartContractResult/smartContractResult.pb.go:1062.4,1063.39 2 0
github.com/Dharitri-org/sme-core/data/smartContractResult/smartContractResult.pb.go:1077.4,1077.19 1 0
github.com/Dharitri-org/sme-core/data/smartContractResult/smartContractResult.pb.go:1080.4,1081.21 2 0
github.com/Dharitri-org/sme-core/data/smartContractResult/smartContractResult.pb.go:1084.4,1084.21 1 0
github.com/Dharitri-org/sme-core/data/smartContractResult/smartContractResult.pb.go:1087.4,1088.30 2 0
github.com/Dharitri-org/sme-core/data/smartContractResult/smartContractResult.pb.go:1091.4,1091.21 1 0
github.com/Dharitri-org/sme-core/data/smartContractResult/smartContractResult.pb.go:1092.11,1093.21 1 0
github.com/Dharitri-org/sme-core/data/smartContractResult/smartContractResult.pb.go:1096.4,1097.39 2 0
github.com/Dharitri-org/sme-core/data/smartContractResult/smartContractResult.pb.go:1111.4,1111.19 1 0
github.com/Dharitri-org/sme-core/data/smartContractResult/smartContractResult.pb.go:1114.4,1115.21 2 0
github.com/Dharitri-org/sme-core/data/smartContractResult/smartContractResult.pb.go:1118.4,1118.21 1 0
github.com/Dharitri-org/sme-core/data/smartContractResult/smartContractResult.pb.go:1121.4,1122.31 2 0
github.com/Dharitri-org/sme-core/data/smartContractResult/smartContractResult.pb.go:1125.4,1125.21 1 0
github.com/Dharitri-org/sme-core/data/smartContractResult/smartContractResult.pb.go:1126.11,1129.18 3 0
github.com/Dharitri-org/sme-core/data/smartContractResult/smartContractResult.pb.go:1132.4,1132.42 1 0
github.com/Dharitri-org/sme-core/data/smartContractResult/smartContractResult.pb.go:1135.4,1135.28 1 0
github.com/Dharitri-org/sme-core/data/smartContractResult/smartContractResult.pb.go:1138.4,1138.19 1 0
github.com/Dharitri-org/sme-core/data/smartContractResult/smartContractResult.pb.go:635.21,637.5 1 0
github.com/Dharitri-org/sme-core/data/smartContractResult/smartContractResult.pb.go:639.39,640.20 1 0
github.com/Dharitri-org/sme-core/data/smartContractResult/smartContractResult.pb.go:643.5,643.19 1 0
github.com/Dharitri-org/sme-core/data/smartContractResult/smartContractResult.pb.go:646.5,649.17 4 0
github.com/Dharitri-org/sme-core/data/smartContractResult/smartContractResult.pb.go:640.20,642.6 1 0
github.com/Dharitri-org/sme-core/data/smartContractResult/smartContractResult.pb.go:643.19,645.6 1 0
github.com/Dharitri-org/sme-core/data/smartContractResult/smartContractResult.pb.go:649.17,650.11 1 0
github.com/Dharitri-org/sme-core/data/smartContractResult/smartContractResult.pb.go:654.21,656.5 1 0
github.com/Dharitri-org/sme-core/data/smartContractResult/smartContractResult.pb.go:658.39,659.20 1 0
github.com/Dharitri-org/sme-core/data/smartContractResult/smartContractResult.pb.go:662.5,662.19 1 0
github.com/Dharitri-org/sme-core/data/smartContractResult/smartContractResult.pb.go:665.5,668.17 4 0
github.com/Dharitri-org/sme-core/data/smartContractResult/smartContractResult.pb.go:659.20,661.6 1 0
github.com/Dharitri-org/sme-core/data/smartContractResult/smartContractResult.pb.go:662.19,664.6 1 0
github.com/Dharitri-org/sme-core/data/smartContractResult/smartContractResult.pb.go:668.17,669.11 1 0
github.com/Dharitri-org/sme-core/data/smartContractResult/smartContractResult.pb.go:672.19,674.5 1 0
github.com/Dharitri-org/sme-core/data/smartContractResult/smartContractResult.pb.go:676.21,678.5 1 0
github.com/Dharitri-org/sme-core/data/smartContractResult/smartContractResult.pb.go:679.21,681.5 1 0
github.com/Dharitri-org/sme-core/data/smartContractResult/smartContractResult.pb.go:682.4,684.74 2 0
github.com/Dharitri-org/sme-core/data/smartContractResult/smartContractResult.pb.go:684.74,686.6 1 0
github.com/Dharitri-org/sme-core/data/smartContractResult/smartContractResult.pb.go:686.11,688.6 1 0
github.com/Dharitri-org/sme-core/data/smartContractResult/smartContractResult.pb.go:692.21,694.5 1 0
github.com/Dharitri-org/sme-core/data/smartContractResult/smartContractResult.pb.go:696.39,697.20 1 0
github.com/Dharitri-org/sme-core/data/smartContractResult/smartContractResult.pb.go:700.5,700.19 1 0
github.com/Dharitri-org/sme-core/data/smartContractResult/smartContractResult.pb.go:703.5,706.17 4 0
github.com/Dharitri-org/sme-core/data/smartContractResult/smartContractResult.pb.go:697.20,699.6 1 0
github.com/Dharitri-org/sme-core/data/smartContractResult/smartContractResult.pb.go:700.19,702.6 1 0
github.com/Dharitri-org/sme-core/data/smartContractResult/smartContractResult.pb.go:706.17,707.11 1 0
github.com/Dharitri-org/sme-core/data/smartContractResult/smartContractResult.pb.go:710.19,712.5 1 0
github.com/Dharitri-org/sme-core/data/smartContractResult/smartContractResult.pb.go:714.21,716.5 1 0
github.com/Dharitri-org/sme-core/data/smartContractResult/smartContractResult.pb.go:717.21,719.5 1 0
github.com/Dharitri-org/sme-core/data/smartContractResult/smartContractResult.pb.go:721.24,723.5 1 0
github.com/Dharitri-org/sme-core/data/smartContractResult/smartContractResult.pb.go:726.21,728.5 1 0
github.com/Dharitri-org/sme-core/data/smartContractResult/smartContractResult.pb.go:730.39,731.20 1 0
github.com/Dharitri-org/sme-core/data/smartContractResult/smartContractResult.pb.go:734.5,734.19 1 0
github.com/Dharitri-org/sme-core/data/smartContractResult/smartContractResult.pb.go:737.5,740.17 4 0
github.com/Dharitri-org/sme-core/data/smartContractResult/smartContractResult.pb.go:731.20,733.6 1 0
github.com/Dharitri-org/sme-core/data/smartContractResult/smartContractResult.pb.go:734.19,736.6 1 0
github.com/Dharitri-org/sme-core/data/smartContractResult/smartContractResult.pb.go:740.17,741.11 1 0
github.com/Dharitri-org/sme-core/data/smartContractResult/smartContractResult.pb.go:744.19,746.5 1 0
github.com/Dharitri-org/sme-core/data/smartContractResult/smartContractResult.pb.go:748.21,750.5 1 0
github.com/Dharitri-org/sme-core/data/smartContractResult/smartContractResult.pb.go:751.21,753.5 1 0
github.com/Dharitri-org/sme-core/data/smartContractResult/smartContractResult.pb.go:755.24,757.5 1 0
github.com/Dharitri-org/sme-core/data/smartContractResult/smartContractResult.pb.go:760.21,762.5 1 0
github.com/Dharitri-org/sme-core/data/smartContractResult/smartContractResult.pb.go:764.39,765.20 1 0
github.com/Dharitri-org/sme-core/data/smartContractResult/smartContractResult.pb.go:768.5,768.19 1 0
github.com/Dharitri-org/sme-core/data/smartContractResult/smartContractResult.pb.go:771.5,774.17 4 0
github.com/Dharitri-org/sme-core/data/smartContractResult/smartContractResult.pb.go:765.20,767.6 1 0
github.com/Dharitri-org/sme-core/data/smartContractResult/smartContractResult.pb.go:768.19,770.6 1 0
github.com/Dharitri-org/sme-core/data/smartContractResult/smartContractResult.pb.go:774.17,775.11 1 0
github.com/Dharitri-org/sme-core/data/smartContractResult/smartContractResult.pb.go:778.19,780.5 1 0
github.com/Dharitri-org/sme-core/data/smartContractResult/smartContractResult.pb.go:782.21,784.5 1 0
github.com/Dharitri-org/sme-core/data/smartContractResult/smartContractResult.pb.go:785.21,787.5 1 0
github.com/Dharitri-org/sme-core/data/smartContractResult/smartContractResult.pb.go:789.28,791.5 1 0
github.com/Dharitri-org/sme-core/data/smartContractResult/smartContractResult.pb.go:794.21,796.5 1 0
github.com/Dharitri-org/sme-core/data/smartContractResult/smartContractResult.pb.go:798.39,799.20 1 0
github.com/Dharitri-org/sme-core/data/smartContractResult/smartContractResult.pb.go:802.5,802.19 1 0
github.com/Dharitri-org/sme-core/data/smartContractResult/smartContractResult.pb.go:805.5,808.17 4 0
github.com/Dharitri-org/sme-core/data/smartContractResult/smartContractResult.pb.go:799.20,801.6 1 0
github.com/Dharitri-org/sme-core/data/smartContractResult/smartContractResult.pb.go:802.19,804.6 1 0
github.com/Dharitri-org/sme-core/data/smartContractResult/smartContractResult.pb.go:808.17,809.11 1 0
github.com/Dharitri-org/sme-core/data/smartContractResult/smartContractResult.pb.go:812.19,814.5 1 0
github.com/Dharitri-org/sme-core/data/smartContractResult/smartContractResult.pb.go:816.21,818.5 1 0
github.com/Dharitri-org/sme-core/data/smartContractResult/smartContractResult.pb.go:819.21,821.5 1 0
github.com/Dharitri-org/sme-core/data/smartContractResult/smartContractResult.pb.go:822.4,824.74 2 0
github.com/Dharitri-org/sme-core/data/smartContractResult/smartContractResult.pb.go:824.74,826.6 1 0
github.com/Dharitri-org/sme-core/data/smartContractResult/smartContractResult.pb.go:826.11,828.6 1 0
github.com/Dharitri-org/sme-core/data/smartContractResult/smartContractResult.pb.go:832.21,834.5 1 0
github.com/Dharitri-org/sme-core/data/smartContractResult/smartContractResult.pb.go:836.39,837.20 1 0
github.com/Dharitri-org/sme-core/data/smartContractResult/smartContractResult.pb.go:840.5,840.19 1 0
[...]
github.com/Dharitri-org/sme-core/data/block/metaBlock.pb.go:4447.21,4449.5 1 0
github.com/Dharitri-org/sme-core/data/block/metaBlock.pb.go:4450.21,4452.5 1 0
github.com/Dharitri-org/sme-core/data/block/metaBlock.pb.go:4454.29,4456.5 1 0
github.com/Dharitri-org/sme-core/data/block/metaBlock.pb.go:4459.21,4461.5 1 0
github.com/Dharitri-org/sme-core/data/block/metaBlock.pb.go:4463.39,4464.20 1 0
github.com/Dharitri-org/sme-core/data/block/metaBlock.pb.go:4467.5,4467.19 1 0
github.com/Dharitri-org/sme-core/data/block/metaBlock.pb.go:4470.5,4473.17 4 0
github.com/Dharitri-org/sme-core/data/block/metaBlock.pb.go:4464.20,4466.6 1 0
github.com/Dharitri-org/sme-core/data/block/metaBlock.pb.go:4467.19,4469.6 1 0
github.com/Dharitri-org/sme-core/data/block/metaBlock.pb.go:4473.17,4474.11 1 0
github.com/Dharitri-org/sme-core/data/block/metaBlock.pb.go:4477.18,4479.5 1 0
github.com/Dharitri-org/sme-core/data/block/metaBlock.pb.go:4481.21,4483.5 1 0
github.com/Dharitri-org/sme-core/data/block/metaBlock.pb.go:4484.21,4486.5 1 0
github.com/Dharitri-org/sme-core/data/block/metaBlock.pb.go:4487.72,4489.5 1 0
github.com/Dharitri-org/sme-core/data/block/metaBlock.pb.go:4492.21,4494.5 1 0
github.com/Dharitri-org/sme-core/data/block/metaBlock.pb.go:4496.39,4497.20 1 0
github.com/Dharitri-org/sme-core/data/block/metaBlock.pb.go:4500.5,4500.19 1 0
github.com/Dharitri-org/sme-core/data/block/metaBlock.pb.go:4503.5,4506.17 4 0
github.com/Dharitri-org/sme-core/data/block/metaBlock.pb.go:4497.20,4499.6 1 0
github.com/Dharitri-org/sme-core/data/block/metaBlock.pb.go:4500.19,4502.6 1 0
github.com/Dharitri-org/sme-core/data/block/metaBlock.pb.go:4506.17,4507.11 1 0
github.com/Dharitri-org/sme-core/data/block/metaBlock.pb.go:4510.19,4512.5 1 0
github.com/Dharitri-org/sme-core/data/block/metaBlock.pb.go:4514.21,4516.5 1 0
github.com/Dharitri-org/sme-core/data/block/metaBlock.pb.go:4517.21,4519.5 1 0
github.com/Dharitri-org/sme-core/data/block/metaBlock.pb.go:4521.24,4523.5 1 0
github.com/Dharitri-org/sme-core/data/block/metaBlock.pb.go:4526.21,4528.5 1 0
github.com/Dharitri-org/sme-core/data/block/metaBlock.pb.go:4530.39,4531.20 1 0
github.com/Dharitri-org/sme-core/data/block/metaBlock.pb.go:4534.5,4534.19 1 0
github.com/Dharitri-org/sme-core/data/block/metaBlock.pb.go:4537.5,4540.17 4 0
github.com/Dharitri-org/sme-core/data/block/metaBlock.pb.go:4531.20,4533.6 1 0
github.com/Dharitri-org/sme-core/data/block/metaBlock.pb.go:4534.19,4536.6 1 0
github.com/Dharitri-org/sme-core/data/block/metaBlock.pb.go:4540.17,4541.11 1 0
github.com/Dharitri-org/sme-core/data/block/metaBlock.pb.go:4544.19,4546.5 1 0
github.com/Dharitri-org/sme-core/data/block/metaBlock.pb.go:4548.21,4550.5 1 0
github.com/Dharitri-org/sme-core/data/block/metaBlock.pb.go:4551.21,4553.5 1 0
github.com/Dharitri-org/sme-core/data/block/metaBlock.pb.go:4555.32,4557.5 1 0
github.com/Dharitri-org/sme-core/data/block/metaBlock.pb.go:4560.21,4562.5 1 0
github.com/Dharitri-org/sme-core/data/block/metaBlock.pb.go:4564.39,4565.20 1 0
github.com/Dharitri-org/sme-core/data/block/metaBlock.pb.go:4568.5,4568.19 1 0
github.com/Dharitri-org/sme-core/data/block/metaBlock.pb.go:4571.5,4574.17 4 0
github.com/Dharitri-org/sme-core/data/block/metaBlock.pb.go:4565.20,4567.6 1 0
github.com/Dharitri-org/sme-core/data/block/metaBlock.pb.go:4568.19,4570.6 1 0
github.com/Dharitri-org/sme-core/data/block/metaBlock.pb.go:4574.17,4575.11 1 0
github.com/Dharitri-org/sme-core/data/block/metaBlock.pb.go:4578.19,4580.5 1 0
github.com/Dharitri-org/sme-core/data/block/metaBlock.pb.go:4582.21,4584.5 1 0
github.com/Dharitri-org/sme-core/data/block/metaBlock.pb.go:4585.21,4587.5 1 0
github.com/Dharitri-org/sme-core/data/block/metaBlock.pb.go:4588.4,4590.74 2 0
github.com/Dharitri-org/sme-core/data/block/metaBlock.pb.go:4590.74,4592.6 1 0
github.com/Dharitri-org/sme-core/data/block/metaBlock.pb.go:4592.11,4594.6 1 0
github.com/Dharitri-org/sme-core/data/block/metaBlock.pb.go:4598.21,4600.5 1 0
github.com/Dharitri-org/sme-core/data/block/metaBlock.pb.go:4602.39,4603.20 1 0
github.com/Dharitri-org/sme-core/data/block/metaBlock.pb.go:4606.5,4606.19 1 0
github.com/Dharitri-org/sme-core/data/block/metaBlock.pb.go:4609.5,4612.17 4 0
github.com/Dharitri-org/sme-core/data/block/metaBlock.pb.go:4603.20,4605.6 1 0
github.com/Dharitri-org/sme-core/data/block/metaBlock.pb.go:4606.19,4608.6 1 0
github.com/Dharitri-org/sme-core/data/block/metaBlock.pb.go:4612.17,4613.11 1 0
github.com/Dharitri-org/sme-core/data/block/metaBlock.pb.go:4616.19,4618.5 1 0
github.com/Dharitri-org/sme-core/data/block/metaBlock.pb.go:4620.21,4622.5 1 0
github.com/Dharitri-org/sme-core/data/block/metaBlock.pb.go:4623.21,4625.5 1 0
github.com/Dharitri-org/sme-core/data/block/metaBlock.pb.go:4626.4,4628.74 2 0
github.com/Dharitri-org/sme-core/data/block/metaBlock.pb.go:4628.74,4630.6 1 0
github.com/Dharitri-org/sme-core/data/block/metaBlock.pb.go:4630.11,4632.6 1 0
github.com/Dharitri-org/sme-core/data/block/metaBlock.pb.go:4636.21,4638.5 1 0
github.com/Dharitri-org/sme-core/data/block/metaBlock.pb.go:4640.39,4641.20 1 0
github.com/Dharitri-org/sme-core/data/block/metaBlock.pb.go:4644.5,4644.19 1 0
github.com/Dharitri-org/sme-core/data/block/metaBlock.pb.go:4647.5,4650.17 4 0
github.com/Dharitri-org/sme-core/data/block/metaBlock.pb.go:4641.20,4643.6 1 0
github.com/Dharitri-org/sme-core/data/block/metaBlock.pb.go:4644.19,4646.6 1 0
github.com/Dharitri-org/sme-core/data/block/metaBlock.pb.go:4650.17,4651.11 1 0
github.com/Dharitri-org/sme-core/data/block/metaBlock.pb.go:4654.19,4656.5 1 0
github.com/Dharitri-org/sme-core/data/block/metaBlock.pb.go:4658.21,4660.5 1 0
github.com/Dharitri-org/sme-core/data/block/metaBlock.pb.go:4661.21,4663.5 1 0
github.com/Dharitri-org/sme-core/data/block/metaBlock.pb.go:4664.4,4666.74 2 0
github.com/Dharitri-org/sme-core/data/block/metaBlock.pb.go:4666.74,4668.6 1 0
github.com/Dharitri-org/sme-core/data/block/metaBlock.pb.go:4668.11,4670.6 1 0
github.com/Dharitri-org/sme-core/data/block/metaBlock.pb.go:4674.21,4676.5 1 0
github.com/Dharitri-org/sme-core/data/block/metaBlock.pb.go:4678.39,4679.20 1 0
github.com/Dharitri-org/sme-core/data/block/metaBlock.pb.go:4682.5,4682.19 1 0
github.com/Dharitri-org/sme-core/data/block/metaBlock.pb.go:4685.5,4688.17 4 0
github.com/Dharitri-org/sme-core/data/block/metaBlock.pb.go:4679.20,4681.6 1 0
github.com/Dharitri-org/sme-core/data/block/metaBlock.pb.go:4682.19,4684.6 1 0
github.com/Dharitri-org/sme-core/data/block/metaBlock.pb.go:4688.17,4689.11 1 0
github.com/Dharitri-org/sme-core/data/block/metaBlock.pb.go:4692.19,4694.5 1 0
github.com/Dharitri-org/sme-core/data/block/metaBlock.pb.go:4696.21,4698.5 1 0
github.com/Dharitri-org/sme-core/data/block/metaBlock.pb.go:4699.21,4701.5 1 0
github.com/Dharitri-org/sme-core/data/block/metaBlock.pb.go:4702.4,4704.74 2 0
github.com/Dharitri-org/sme-core/data/block/metaBlock.pb.go:4704.74,4706.6 1 0
github.com/Dharitri-org/sme-core/data/block/metaBlock.pb.go:4706.11,4708.6 1 0
github.com/Dharitri-org/sme-core/data/block/metaBlock.pb.go:4712.21,4714.5 1 0
github.com/Dharitri-org/sme-core/data/block/metaBlock.pb.go:4716.39,4717.20 1 0
github.com/Dharitri-org/sme-core/data/block/metaBlock.pb.go:4720.5,4720.19 1 0
github.com/Dharitri-org/sme-core/data/block/metaBlock.pb.go:4723.5,4726.17 4 0
github.com/Dharitri-org/sme-core/data/block/metaBlock.pb.go:4717.20,4719.6 1 0
github.com/Dharitri-org/sme-core/data/block/metaBlock.pb.go:4720.19,4722.6 1 0
github.com/Dharitri-org/sme-core/data/block/metaBlock.pb.go:4726.17,4727.11 1 0
github.com/Dharitri-org/sme-core/data/block/metaBlock.pb.go:4731.21,4733.5 1 0
github.com/Dharitri-org/sme-core/data/block/metaBlock.pb.go:4735.39,4736.20 1 0
github.com/Dharitri-org/sme-core/data/block/metaBlock.pb.go:4739.5,4739.19 1 0
github.com/Dharitri-org/sme-core/data/block/metaBlock.pb.go:4742.5,4745.17 4 0
github.com/Dharitri-org/sme-core/data/block/metaBlock.pb.go:4736.20,4738.6 1 0
github.com/Dharitri-org/sme-core/data/block/metaBlock.pb.go:4739.19,4741.6 1 0
github.com/Dharitri-org/sme-core/data/block/metaBlock.pb.go:4745.17,4746.11 1 0
github.com/Dharitri-org/sme-core/data/block/metaBlock.pb.go:4749.19,4751.5 1 0
github.com/Dharitri-org/sme-core/data/block/metaBlock.pb.go:4753.21,4755.5 1 0
github.com/Dharitri-org/sme-core/data/block/metaBlock.pb.go:4756.21,4758.5 1 0
github.com/Dharitri-org/sme-core/data/block/metaBlock.pb.go:4760.25,4762.5 1 0
github.com/Dharitri-org/sme-core/data/block/metaBlock.pb.go:4767.18,4769.5 1 0
github.com/Dharitri-org/sme-core/data/block/metaBlock.pb.go:4770.42,4772.5 1 0
github.com/Dharitri-org/sme-core/data/block/metaBlock.pb.go:4773.28,4775.5 1 0
github.com/Dharitri-org/sme-core/data/block/metaBlock.pb.go:4780.15,4782.3 1 0
github.com/Dharitri-org/sme-core/data/block/metaBlock.pb.go:4785.52,4789.16 4 0
github.com/Dharitri-org/sme-core/data/block/metaBlock.pb.go:4861.2,4861.31 1 0
github.com/Dharitri-org/sme-core/data/block/metaBlock.pb.go:4789.16,4791.38 2 0
github.com/Dharitri-org/sme-core/data/block/metaBlock.pb.go:4805.3,4806.19 2 0
github.com/Dharitri-org/sme-core/data/block/metaBlock.pb.go:4854.3,4854.16 1 0
github.com/Dharitri-org/sme-core/data/block/metaBlock.pb.go:4857.3,4857.17 1 0
github.com/Dharitri-org/sme-core/data/block/metaBlock.pb.go:4791.38,4792.19 1 0
github.com/Dharitri-org/sme-core/data/block/metaBlock.pb.go:4795.4,4795.18 1 0
github.com/Dharitri-org/sme-core/data/block/metaBlock.pb.go:4798.4,4801.16 4 0
github.com/Dharitri-org/sme-core/data/block/metaBlock.pb.go:4792.19,4794.5 1 0
github.com/Dharitri-org/sme-core/data/block/metaBlock.pb.go:4795.18,4797.5 1 0
github.com/Dharitri-org/sme-core/data/block/metaBlock.pb.go:4801.16,4802.10 1 0
github.com/Dharitri-org/sme-core/data/block/metaBlock.pb.go:4807.10,4808.39 1 0
github.com/Dharitri-org/sme-core/data/block/metaBlock.pb.go:4820.10,4821.14 1 0
github.com/Dharitri-org/sme-core/data/block/metaBlock.pb.go:4822.10,4824.39 2 0
github.com/Dharitri-org/sme-core/data/block/metaBlock.pb.go:4838.4,4838.18 1 0
github.com/Dharitri-org/sme-core/data/block/metaBlock.pb.go:4841.4,4841.19 1 0
github.com/Dharitri-org/sme-core/data/block/metaBlock.pb.go:4842.10,4843.11 1 0
github.com/Dharitri-org/sme-core/data/block/metaBlock.pb.go:4844.10,4845.18 1 0
github.com/Dharitri-org/sme-core/data/block/metaBlock.pb.go:4848.4,4848.11 1 0
github.com/Dharitri-org/sme-core/data/block/metaBlock.pb.go:4849.10,4850.14 1 0
github.com/Dharitri-org/sme-core/data/block/metaBlock.pb.go:4851.11,4852.64 1 0
github.com/Dharitri-org/sme-core/data/block/metaBlock.pb.go:4808.39,4809.20 1 0
github.com/Dharitri-org/sme-core/data/block/metaBlock.pb.go:4812.5,4812.19 1 0
github.com/Dharitri-org/sme-core/data/block/metaBlock.pb.go:4815.5,4816.29 2 0
github.com/Dharitri-org/sme-core/data/block/metaBlock.pb.go:4809.20,4811.6 1 0
github.com/Dharitri-org/sme-core/data/block/metaBlock.pb.go:4812.19,4814.6 1 0
github.com/Dharitri-org/sme-core/data/block/metaBlock.pb.go:4816.29,4817.11 1 0
github.com/Dharitri-org/sme-core/data/block/metaBlock.pb.go:4824.39,4825.20 1 0
github.com/Dharitri-org/sme-core/data/block/metaBlock.pb.go:4828.5,4828.19 1 0
github.com/Dharitri-org/sme-core/data/block/metaBlock.pb.go:4831.5,4834.17 4 0
github.com/Dharitri-org/sme-core/data/block/metaBlock.pb.go:4825.20,4827.6 1 0
github.com/Dharitri-org/sme-core/data/block/metaBlock.pb.go:4828.19,4830.6 1 0
github.com/Dharitri-org/sme-core/data/block/metaBlock.pb.go:4834.17,4835.11 1 0
github.com/Dharitri-org/sme-core/data/block/metaBlock.pb.go:4838.18,4840.5 1 0
github.com/Dharitri-org/sme-core/data/block/metaBlock.pb.go:4845.18,4847.5 1 0
github.com/Dharitri-org/sme-core/data/block/metaBlock.pb.go:4854.16,4856.4 1 0
github.com/Dharitri-org/sme-core/data/block/metaBlock.pb.go:4857.17,4859.4 1 0
github.com/Dharitri-org/sme-core/data/block/block.go:22.37,24.2 1 1
github.com/Dharitri-org/sme-core/data/block/block.go:27.37,29.2 1 1
github.com/Dharitri-org/sme-core/data/block/block.go:32.37,34.2 1 0
github.com/Dharitri-org/sme-core/data/block/block.go:37.44,39.2 1 2
github.com/Dharitri-org/sme-core/data/block/block.go:42.55,43.2 0 0
github.com/Dharitri-org/sme-core/data/block/block.go:46.53,48.2 1 0
github.com/Dharitri-org/sme-core/data/block/block.go:51.45,53.2 1 1
github.com/Dharitri-org/sme-core/data/block/block.go:56.53,58.2 1 1
github.com/Dharitri-org/sme-core/data/block/block.go:61.47,63.2 1 1
github.com/Dharitri-org/sme-core/data/block/block.go:66.48,68.2 1 1
github.com/Dharitri-org/sme-core/data/block/block.go:71.42,73.2 1 1
github.com/Dharitri-org/sme-core/data/block/block.go:76.48,78.2 1 0
github.com/Dharitri-org/sme-core/data/block/block.go:81.45,83.2 1 0
github.com/Dharitri-org/sme-core/data/block/block.go:86.53,88.2 1 0
github.com/Dharitri-org/sme-core/data/block/block.go:91.42,93.2 1 1
github.com/Dharitri-org/sme-core/data/block/block.go:96.53,98.2 1 0
github.com/Dharitri-org/sme-core/data/block/block.go:101.51,103.2 1 0
github.com/Dharitri-org/sme-core/data/block/block.go:106.45,108.2 1 1
github.com/Dharitri-org/sme-core/data/block/block.go:111.42,113.2 1 0
github.com/Dharitri-org/sme-core/data/block/block.go:116.78,118.41 2 1
github.com/Dharitri-org/sme-core/data/block/block.go:123.2,123.16 1 1
github.com/Dharitri-org/sme-core/data/block/block.go:118.41,119.67 1 4
github.com/Dharitri-org/sme-core/data/block/block.go:119.67,121.4 1 2
github.com/Dharitri-org/sme-core/data/block/block.go:128.88,131.40 2 1
github.com/Dharitri-org/sme-core/data/block/block.go:141.2,141.19 1 1
github.com/Dharitri-org/sme-core/data/block/block.go:131.40,132.65 1 4
github.com/Dharitri-org/sme-core/data/block/block.go:132.65,138.4 1 2
github.com/Dharitri-org/sme-core/data/block/block.go:145.55,147.47 2 0
github.com/Dharitri-org/sme-core/data/block/block.go:150.2,150.15 1 0
github.com/Dharitri-org/sme-core/data/block/block.go:147.47,149.3 1 0
github.com/Dharitri-org/sme-core/data/block/block.go:154.65,156.41 2 0
github.com/Dharitri-org/sme-core/data/block/block.go:159.2,159.16 1 0
github.com/Dharitri-org/sme-core/data/block/block.go:156.41,158.3 1 0
github.com/Dharitri-org/sme-core/data/block/block.go:163.45,166.2 2 0
github.com/Dharitri-org/sme-core/data/block/block.go:169.45,170.24 1 3
github.com/Dharitri-org/sme-core/data/block/block.go:174.2,174.41 1 2
github.com/Dharitri-org/sme-core/data/block/block.go:180.2,180.12 1 1
github.com/Dharitri-org/sme-core/data/block/block.go:170.24,172.3 1 1
github.com/Dharitri-org/sme-core/data/block/block.go:174.41,175.41 1 3
github.com/Dharitri-org/sme-core/data/block/block.go:175.41,177.4 1 1
github.com/Dharitri-org/sme-core/data/block/block.go:184.41,188.2 2 0
github.com/Dharitri-org/sme-core/data/block/block.go:191.38,193.2 1 3
github.com/Dharitri-org/sme-core/data/block/block.go:196.40,198.2 1 0
github.com/Dharitri-org/sme-core/data/block/block.go:201.45,203.2 1 0
github.com/Dharitri-org/sme-core/data/block/block.go:206.41,216.2 4 1
github.com/Dharitri-org/sme-core/core/closing/safeChanCloser.go:13.42,17.2 1 3
github.com/Dharitri-org/sme-core/core/closing/safeChanCloser.go:20.39,24.9 3 11
github.com/Dharitri-org/sme-core/core/closing/safeChanCloser.go:25.24,26.9 1 9
github.com/Dharitri-org/sme-core/core/closing/safeChanCloser.go:27.10,28.24 1 2
github.com/Dharitri-org/sme-core/core/closing/safeChanCloser.go:33.59,35.2 1 1
github.com/Dharitri-org/sme-core/core/closing/safeChanCloser.go:38.53,40.2 1 1
github.com/Dharitri-org/sme-core/core/closing/shuffleOutCloser.go:32.30,34.35 1 9
github.com/Dharitri-org/sme-core/core/closing/shuffleOutCloser.go:37.2,37.35 1 8
github.com/Dharitri-org/sme-core/core/closing/shuffleOutCloser.go:40.2,40.39 1 7
github.com/Dharitri-org/sme-core/core/closing/shuffleOutCloser.go:43.2,43.23 1 6
github.com/Dharitri-org/sme-core/core/closing/shuffleOutCloser.go:46.2,46.22 1 5
github.com/Dharitri-org/sme-core/core/closing/shuffleOutCloser.go:50.2,59.17 3 4
github.com/Dharitri-org/sme-core/core/closing/shuffleOutCloser.go:34.35,36.3 1 1
github.com/Dharitri-org/sme-core/core/closing/shuffleOutCloser.go:37.35,39.3 1 1
github.com/Dharitri-org/sme-core/core/closing/shuffleOutCloser.go:40.39,42.3 1 1
github.com/Dharitri-org/sme-core/core/closing/shuffleOutCloser.go:43.23,45.3 1 1
github.com/Dharitri-org/sme-core/core/closing/shuffleOutCloser.go:46.22,48.3 1 1
github.com/Dharitri-org/sme-core/core/closing/shuffleOutCloser.go:63.91,67.2 2 3
github.com/Dharitri-org/sme-core/core/closing/shuffleOutCloser.go:69.81,80.9 5 3
github.com/Dharitri-org/sme-core/core/closing/shuffleOutCloser.go:87.2,93.25 2 1
github.com/Dharitri-org/sme-core/core/closing/shuffleOutCloser.go:81.32,81.32 0 1
github.com/Dharitri-org/sme-core/core/closing/shuffleOutCloser.go:82.24,84.9 2 2
github.com/Dharitri-org/sme-core/core/closing/shuffleOutCloser.go:97.44,101.2 2 2
github.com/Dharitri-org/sme-core/core/closing/shuffleOutCloser.go:104.52,106.2 1 6
github.com/Dharitri-org/sme-core/marshal/txJsonMarshalizer.go:13.70,18.16 5 1
github.com/Dharitri-org/sme-core/marshal/txJsonMarshalizer.go:22.2,23.41 2 1
github.com/Dharitri-org/sme-core/marshal/txJsonMarshalizer.go:18.16,20.3 1 0
github.com/Dharitri-org/sme-core/marshal/txJsonMarshalizer.go:26.40,29.29 2 1
github.com/Dharitri-org/sme-core/marshal/txJsonMarshalizer.go:33.2,33.14 1 0
github.com/Dharitri-org/sme-core/marshal/txJsonMarshalizer.go:29.29,31.3 1 1
github.com/Dharitri-org/sme-core/marshal/txJsonMarshalizer.go:37.75,39.2 1 1
github.com/Dharitri-org/sme-core/marshal/txJsonMarshalizer.go:42.51,44.2 1 0
github.com/Dharitri-org/sme-core/marshal/gogoProtoMarshalizer.go:15.73,16.39 1 4
github.com/Dharitri-org/sme-core/marshal/gogoProtoMarshalizer.go:19.2,19.60 1 1
github.com/Dharitri-org/sme-core/marshal/gogoProtoMarshalizer.go:16.39,18.3 1 3
github.com/Dharitri-org/sme-core/marshal/gogoProtoMarshalizer.go:24.78,25.39 1 2
github.com/Dharitri-org/sme-core/marshal/gogoProtoMarshalizer.go:30.2,30.57 1 1
github.com/Dharitri-org/sme-core/marshal/gogoProtoMarshalizer.go:25.39,28.3 2 1
github.com/Dharitri-org/sme-core/marshal/gogoProtoMarshalizer.go:34.54,36.2 1 0
github.com/Dharitri-org/sme-core/marshal/jsonMarshalizer.go:15.68,16.16 1 772553
github.com/Dharitri-org/sme-core/marshal/jsonMarshalizer.go:20.2,20.26 1 772552
github.com/Dharitri-org/sme-core/marshal/jsonMarshalizer.go:16.16,18.3 1 1
github.com/Dharitri-org/sme-core/marshal/jsonMarshalizer.go:24.73,25.16 1 772555
github.com/Dharitri-org/sme-core/marshal/jsonMarshalizer.go:28.2,28.17 1 772554
github.com/Dharitri-org/sme-core/marshal/jsonMarshalizer.go:31.2,31.20 1 772553
github.com/Dharitri-org/sme-core/marshal/jsonMarshalizer.go:35.2,35.34 1 772552
github.com/Dharitri-org/sme-core/marshal/jsonMarshalizer.go:25.16,27.3 1 1
github.com/Dharitri-org/sme-core/marshal/jsonMarshalizer.go:28.17,30.3 1 1
github.com/Dharitri-org/sme-core/marshal/jsonMarshalizer.go:31.20,33.3 1 1
github.com/Dharitri-org/sme-core/marshal/jsonMarshalizer.go:39.50,41.2 1 1
github.com/Dharitri-org/sme-core/marshal/sizeCheckUnmarshalizer.go:13.76,19.2 2 3
github.com/Dharitri-org/sme-core/marshal/sizeCheckUnmarshalizer.go:23.82,25.16 2 5
github.com/Dharitri-org/sme-core/marshal/sizeCheckUnmarshalizer.go:29.2,31.9 3 4
github.com/Dharitri-org/sme-core/marshal/sizeCheckUnmarshalizer.go:42.2,43.25 2 4
github.com/Dharitri-org/sme-core/marshal/sizeCheckUnmarshalizer.go:46.2,46.12 1 3
github.com/Dharitri-org/sme-core/marshal/sizeCheckUnmarshalizer.go:25.16,27.3 1 1
github.com/Dharitri-org/sme-core/marshal/sizeCheckUnmarshalizer.go:31.9,33.24 2 4
github.com/Dharitri-org/sme-core/marshal/sizeCheckUnmarshalizer.go:37.3,37.21 1 4
github.com/Dharitri-org/sme-core/marshal/sizeCheckUnmarshalizer.go:33.24,35.4 1 0
github.com/Dharitri-org/sme-core/marshal/sizeCheckUnmarshalizer.go:38.8,40.3 1 0
github.com/Dharitri-org/sme-core/marshal/sizeCheckUnmarshalizer.go:43.25,45.3 1 1
github.com/Dharitri-org/sme-core/marshal/sizeCheckUnmarshalizer.go:51.58,52.16 1 2
github.com/Dharitri-org/sme-core/marshal/sizeCheckUnmarshalizer.go:55.2,55.13 1 1
github.com/Dharitri-org/sme-core/marshal/sizeCheckUnmarshalizer.go:52.16,54.3 1 1
